Using pre-set license
Built from '2020.3/staging' branch; Version is '2020.3.24f1 (79c78de19888) revision 7980941'; Using compiler version '192528614'; Build Type 'Release'
OS: 'Windows 10  (10.0.19044) 64bit Professional' Language: 'en' Physical Memory: 16316 MB
BatchMode: 1, IsHumanControllingUs: 0, StartBugReporterOnCrash: 0, Is64bit: 1, IsPro: 0

COMMAND LINE ARGUMENTS:
C:\Program Files\Unity\Hub\Editor\2020.3.24f1\Editor\Unity.exe
-adb2
-batchMode
-noUpm
-name
AssetImportWorker0
-projectPath
C:/Users/DIMYO/Desktop/cs222/Lab2
-logFile
Logs/AssetImportWorker0.log
-srvPort
56388
Successfully changed project path to: C:/Users/DIMYO/Desktop/cs222/Lab2
C:/Users/DIMYO/Desktop/cs222/Lab2
Using Asset Import Pipeline V2.
Refreshing native plugins compatible for Editor in 68.88 ms, found 2 plugins.
Preloading 0 native plugins for Editor in 0.00 ms.
Initialize engine version: 2020.3.24f1 (79c78de19888)
[Subsystems] Discovering subsystems at path C:/Program Files/Unity/Hub/Editor/2020.3.24f1/Editor/Data/Resources/UnitySubsystems
[Subsystems] Discovering subsystems at path C:/Users/DIMYO/Desktop/cs222/Lab2/Assets
GfxDevice: creating device client; threaded=0
Direct3D:
    Version:  Direct3D 11.0 [level 11.1]
    Renderer: Radeon RX 560 Series (ID=0x67ef)
    Vendor:   
    VRAM:     4075 MB
    Driver:   30.0.13023.1012
Initialize mono
Mono path[0] = 'C:/Program Files/Unity/Hub/Editor/2020.3.24f1/Editor/Data/Managed'
Mono path[1] = 'C:/Program Files/Unity/Hub/Editor/2020.3.24f1/Editor/Data/MonoBleedingEdge/lib/mono/unityjit'
Mono config path = 'C:/Program Files/Unity/Hub/Editor/2020.3.24f1/Editor/Data/MonoBleedingEdge/etc'
Using monoOptions --debugger-agent=transport=dt_socket,embedding=1,server=y,suspend=n,address=127.0.0.1:56860
Begin MonoManager ReloadAssembly
Registering precompiled unity dll's ...
Register platform support module: C:/Program Files/Unity/Hub/Editor/2020.3.24f1/Editor/Data/PlaybackEngines/WindowsStandaloneSupport/UnityEditor.WindowsStandalone.Extensions.dll
Registered in 0.003054 seconds.
Native extension for WindowsStandalone target not found
Refreshing native plugins compatible for Editor in 67.11 ms, found 2 plugins.
Preloading 0 native plugins for Editor in 0.00 ms.
Mono: successfully reloaded assembly
- Completed reload, in  0.735 seconds
Domain Reload Profiling:
	ReloadAssembly (736ms)
		BeginReloadAssembly (69ms)
			ExecutionOrderSort (0ms)
			DisableScriptedObjects (0ms)
			BackupInstance (0ms)
			ReleaseScriptingObjects (0ms)
			CreateAndSetChildDomain (1ms)
		EndReloadAssembly (569ms)
			LoadAssemblies (66ms)
			RebuildTransferFunctionScriptingTraits (0ms)
			SetupTypeCache (184ms)
			ReleaseScriptCaches (0ms)
			RebuildScriptCaches (35ms)
			SetupLoadedEditorAssemblies (220ms)
				LogAssemblyErrors (0ms)
				InitializePlatformSupportModulesInManaged (5ms)
				SetLoadedEditorAssemblies (0ms)
				RefreshPlugins (67ms)
				BeforeProcessingInitializeOnLoad (10ms)
				ProcessInitializeOnLoadAttributes (100ms)
				ProcessInitializeOnLoadMethodAttributes (37ms)
				AfterProcessingInitializeOnLoad (0ms)
				EditorAssembliesLoaded (0ms)
			ExecutionOrderSort2 (0ms)
			AwakeInstancesAfterBackupRestoration (0ms)
Platform modules already initialized, skipping
Registering precompiled user dll's ...
Registered in 0.008479 seconds.
Begin MonoManager ReloadAssembly
Native extension for WindowsStandalone target not found
Refreshing native plugins compatible for Editor in 69.92 ms, found 2 plugins.
Preloading 0 native plugins for Editor in 0.00 ms.
Mono: successfully reloaded assembly
- Completed reload, in  1.408 seconds
Domain Reload Profiling:
	ReloadAssembly (1409ms)
		BeginReloadAssembly (177ms)
			ExecutionOrderSort (0ms)
			DisableScriptedObjects (6ms)
			BackupInstance (0ms)
			ReleaseScriptingObjects (0ms)
			CreateAndSetChildDomain (21ms)
		EndReloadAssembly (1150ms)
			LoadAssemblies (116ms)
			RebuildTransferFunctionScriptingTraits (0ms)
			SetupTypeCache (400ms)
			ReleaseScriptCaches (1ms)
			RebuildScriptCaches (61ms)
			SetupLoadedEditorAssemblies (421ms)
				LogAssemblyErrors (0ms)
				InitializePlatformSupportModulesInManaged (4ms)
				SetLoadedEditorAssemblies (0ms)
				RefreshPlugins (70ms)
				BeforeProcessingInitializeOnLoad (95ms)
				ProcessInitializeOnLoadAttributes (229ms)
				ProcessInitializeOnLoadMethodAttributes (11ms)
				AfterProcessingInitializeOnLoad (12ms)
				EditorAssembliesLoaded (0ms)
			ExecutionOrderSort2 (0ms)
			AwakeInstancesAfterBackupRestoration (8ms)
Platform modules already initialized, skipping
========================================================================
Worker process is ready to serve import requests
Launched and connected shader compiler UnityShaderCompiler.exe after 0.06 seconds
Refreshing native plugins compatible for Editor in 0.66 ms, found 2 plugins.
Preloading 0 native plugins for Editor in 0.00 ms.
Unloading 2949 Unused Serialized files (Serialized files now loaded: 0)
System memory in use before: 137.9 MB.
System memory in use after: 138.1 MB.

Unloading 20 unused Assets to reduce memory usage. Loaded Objects now: 3394.
Total: 4.066800 ms (FindLiveObjects: 0.373300 ms CreateObjectMapping: 0.098000 ms MarkObjects: 3.482000 ms  DeleteObjects: 0.111500 ms)

AssetImportParameters requested are different than current active one (requested -> active):
  custom:framework-win-MediaFoundation: 216162199b28c13a410421893ffa2e32 -> 
  custom:video-decoder-ogg-theora: a1e56fd34408186e4bbccfd4996cb3dc -> 
  custom:container-muxer-webm: aa71ff27fc2769a1b78a27578f13a17b -> 
  custom:container-demuxer-webm: 4f35f7cbe854078d1ac9338744f61a02 -> 
  custom:container-demuxer-ogg: 62fdf1f143b41e24485cea50d1cbac27 -> 
  custom:video-encoder-webm-vp8: eb34c28f22e8b96e1ab97ce403110664 -> 
  custom:video-decoder-webm-vp8: 9c59270c3fd7afecdb556c50c9e8de78 -> 
  custom:audio-decoder-ogg-vorbis: bf7c407c2cedff20999df2af8eb42d56 -> 
  custom:audio-encoder-webm-vorbis: bf7c407c2cedff20999df2af8eb42d56 -> 
========================================================================
Received Import Request.
  path: Assets/myShader/Cloer+Move.shadergraph
  artifactKey: Guid(138c78667a3a1c94c8ec8127c72a58cc) Importer(815301076,1909f56bfc062723c751e8b465ee728b)
Start importing Assets/myShader/Cloer+Move.shadergraph using Guid(138c78667a3a1c94c8ec8127c72a58cc) Importer(815301076,1909f56bfc062723c751e8b465ee728b)  -> (artifact id: 'ef7bd6e81de8bf2cb568a04c2da2ad15') in 0.040236 seconds 
  Import took 0.045239 seconds .

========================================================================
Received Import Request.
  Time since last request: 61.751837 seconds.
  path: Assets/myShader/Cloer+Move.shadersubgraph
  artifactKey: Guid(3bee55bb7c4159c45870da78a60dff3b) Importer(815301076,1909f56bfc062723c751e8b465ee728b)
Start importing Assets/myShader/Cloer+Move.shadersubgraph using Guid(3bee55bb7c4159c45870da78a60dff3b) Importer(815301076,1909f56bfc062723c751e8b465ee728b)  -> (artifact id: '65edf755007730ac5218103ce8050585') in 0.008360 seconds 
  Import took 0.013930 seconds .

========================================================================
Received Import Request.
  Time since last request: 5.122731 seconds.
  path: Assets/myShader/New Folder
  artifactKey: Guid(94411c00d915b4b4a8ea5544dd465ab2) Importer(815301076,1909f56bfc062723c751e8b465ee728b)
Start importing Assets/myShader/New Folder using Guid(94411c00d915b4b4a8ea5544dd465ab2) Importer(815301076,1909f56bfc062723c751e8b465ee728b)  -> (artifact id: '03f3abcf20b41878725b9748ad35ddd2') in 0.009415 seconds 
  Import took 0.014484 seconds .

========================================================================
Received Import Request.
  Time since last request: 15.047325 seconds.
  path: Assets/myShader/Cloer+Move
  artifactKey: Guid(94411c00d915b4b4a8ea5544dd465ab2) Importer(815301076,1909f56bfc062723c751e8b465ee728b)
Start importing Assets/myShader/Cloer+Move using Guid(94411c00d915b4b4a8ea5544dd465ab2) Importer(815301076,1909f56bfc062723c751e8b465ee728b)  -> (artifact id: 'ce871fee5ff1739827ec632d48c17dd4') in 0.004100 seconds 
  Import took 0.009612 seconds .

========================================================================
Received Import Request.
  Time since last request: 28.381163 seconds.
  path: Assets/myShader/for.shadergraph
  artifactKey: Guid(238278dedd2ae6742bc4938ec3d236b0) Importer(815301076,1909f56bfc062723c751e8b465ee728b)
Start importing Assets/myShader/for.shadergraph using Guid(238278dedd2ae6742bc4938ec3d236b0) Importer(815301076,1909f56bfc062723c751e8b465ee728b)  -> (artifact id: '312203f159dba5beb19ab2f5d450f954') in 0.013950 seconds 
  Import took 0.019121 seconds .

========================================================================
Received Import Request.
  Time since last request: 18.170603 seconds.
  path: Assets/myShader/Form.shadergraph
  artifactKey: Guid(238278dedd2ae6742bc4938ec3d236b0) Importer(815301076,1909f56bfc062723c751e8b465ee728b)
Start importing Assets/myShader/Form.shadergraph using Guid(238278dedd2ae6742bc4938ec3d236b0) Importer(815301076,1909f56bfc062723c751e8b465ee728b)  -> (artifact id: '5658be617162da326d50c22e8729450e') in 0.011756 seconds 
  Import took 0.016976 seconds .

========================================================================
Received Import Request.
  Time since last request: 104.885054 seconds.
  path: Assets/myShader/WaterMove/WaterMove.mat
  artifactKey: Guid(81416305473863442944581b8d0b25ea) Importer(815301076,1909f56bfc062723c751e8b465ee728b)
Start importing Assets/myShader/WaterMove/WaterMove.mat using Guid(81416305473863442944581b8d0b25ea) Importer(815301076,1909f56bfc062723c751e8b465ee728b)  -> (artifact id: '6e2db1c391bfcbbc0f26033cb426096d') in 0.305212 seconds 
  Import took 0.310891 seconds .

========================================================================
Received Import Request.
  Time since last request: 43.317868 seconds.
  path: Assets/myShader/waterColer/waterColer.shadergraph
  artifactKey: Guid(4eb0adc411bc9244ca20711f56662694) Importer(815301076,1909f56bfc062723c751e8b465ee728b)
Start importing Assets/myShader/waterColer/waterColer.shadergraph using Guid(4eb0adc411bc9244ca20711f56662694) Importer(815301076,1909f56bfc062723c751e8b465ee728b)  -> (artifact id: '27ac06932b43d79993a71f41f5df84ef') in 0.010654 seconds 
  Import took 0.015693 seconds .

========================================================================
Received Import Request.
  Time since last request: 7.089375 seconds.
  path: Assets/myShader/defWater/defWater.shadergraph
  artifactKey: Guid(c970cdc189a38b1439f6c08f59b7a9fb) Importer(815301076,1909f56bfc062723c751e8b465ee728b)
Start importing Assets/myShader/defWater/defWater.shadergraph using Guid(c970cdc189a38b1439f6c08f59b7a9fb) Importer(815301076,1909f56bfc062723c751e8b465ee728b)  -> (artifact id: '80244b402a43b28ccc810f1f744d735a') in 0.010350 seconds 
  Import took 0.015856 seconds .

========================================================================
Received Import Request.
  Time since last request: 32.346074 seconds.
  path: Assets/myShader/WaterMove/WaterMove.shadersubgraph
  artifactKey: Guid(5a8c495ef52b4d9499e091f5a4d6a1a7) Importer(815301076,1909f56bfc062723c751e8b465ee728b)
Start importing Assets/myShader/WaterMove/WaterMove.shadersubgraph using Guid(5a8c495ef52b4d9499e091f5a4d6a1a7) Importer(815301076,1909f56bfc062723c751e8b465ee728b)  -> (artifact id: '1283dfa0d987b22bbedc33249f329bfe') in 0.004951 seconds 
  Import took 0.010096 seconds .

========================================================================
Received Import Request.
  Time since last request: 422.145128 seconds.
  path: Assets/myShader/Cloer+Move/Cloer+Move.shadersubgraph
  artifactKey: Guid(3bee55bb7c4159c45870da78a60dff3b) Importer(815301076,1909f56bfc062723c751e8b465ee728b)
Start importing Assets/myShader/Cloer+Move/Cloer+Move.shadersubgraph using Guid(3bee55bb7c4159c45870da78a60dff3b) Importer(815301076,1909f56bfc062723c751e8b465ee728b)  -> (artifact id: '9a8ee13638f93d1ca939cc8f296f1d64') in 0.004668 seconds 
  Import took 0.010105 seconds .

========================================================================
Received Import Request.
  Time since last request: 8.510744 seconds.
  path: Assets/myShader/Cloer+Move/Cloer+Move.shadersubgraph
  artifactKey: Guid(3bee55bb7c4159c45870da78a60dff3b) Importer(815301076,1909f56bfc062723c751e8b465ee728b)
Start importing Assets/myShader/Cloer+Move/Cloer+Move.shadersubgraph using Guid(3bee55bb7c4159c45870da78a60dff3b) Importer(815301076,1909f56bfc062723c751e8b465ee728b)  -> (artifact id: '07453db9bc325b750e9cbf0593594887') in 0.005005 seconds 
  Import took 0.010028 seconds .

========================================================================
Received Import Request.
  Time since last request: 25.920527 seconds.
  path: Assets/myShader/WaterMove/WaterMove.shadergraph
  artifactKey: Guid(31bfceaea3041fd42a6ceb416decb92a) Importer(815301076,1909f56bfc062723c751e8b465ee728b)
Start importing Assets/myShader/WaterMove/WaterMove.shadergraph using Guid(31bfceaea3041fd42a6ceb416decb92a) Importer(815301076,1909f56bfc062723c751e8b465ee728b)  -> (artifact id: '4f4d150a5057cacd0b912af6f4596581') in 0.004486 seconds 
  Import took 0.009853 seconds .

========================================================================
Received Import Request.
  Time since last request: 1213.387526 seconds.
  path: Assets/myShader/New Material.mat
  artifactKey: Guid(86e9bb4ca65cb8b40a5306cdcf83e745) Importer(815301076,1909f56bfc062723c751e8b465ee728b)
Start importing Assets/myShader/New Material.mat using Guid(86e9bb4ca65cb8b40a5306cdcf83e745) Importer(815301076,1909f56bfc062723c751e8b465ee728b)  -> (artifact id: '5a29c96381106aa0881cb0534eaa28ee') in 0.065143 seconds 
  Import took 0.070637 seconds .

========================================================================
Received Import Request.
  Time since last request: 8.767149 seconds.
  path: Assets/myShader/From.mat
  artifactKey: Guid(86e9bb4ca65cb8b40a5306cdcf83e745) Importer(815301076,1909f56bfc062723c751e8b465ee728b)
Start importing Assets/myShader/From.mat using Guid(86e9bb4ca65cb8b40a5306cdcf83e745) Importer(815301076,1909f56bfc062723c751e8b465ee728b)  -> (artifact id: 'd9a1cf7dc1203634d9dd03c49728525a') in 0.020227 seconds 
  Import took 0.025253 seconds .

========================================================================
Received Import Request.
  Time since last request: 40.331929 seconds.
  path: Assets/myShader/Form.shadergraph
  artifactKey: Guid(238278dedd2ae6742bc4938ec3d236b0) Importer(815301076,1909f56bfc062723c751e8b465ee728b)
Start importing Assets/myShader/Form.shadergraph using Guid(238278dedd2ae6742bc4938ec3d236b0) Importer(815301076,1909f56bfc062723c751e8b465ee728b)  -> (artifact id: 'aad9d0116fc58f365024c320dd3cd9a0') in 0.005643 seconds 
  Import took 0.010843 seconds .

========================================================================
Received Prepare
Registering precompiled user dll's ...
Registered in 0.006984 seconds.
Begin MonoManager ReloadAssembly
Native extension for WindowsStandalone target not found
Refreshing native plugins compatible for Editor in 0.73 ms, found 2 plugins.
Preloading 0 native plugins for Editor in 0.00 ms.
Mono: successfully reloaded assembly
- Completed reload, in  1.444 seconds
Domain Reload Profiling:
	ReloadAssembly (1444ms)
		BeginReloadAssembly (155ms)
			ExecutionOrderSort (0ms)
			DisableScriptedObjects (8ms)
			BackupInstance (0ms)
			ReleaseScriptingObjects (0ms)
			CreateAndSetChildDomain (43ms)
		EndReloadAssembly (1202ms)
			LoadAssemblies (111ms)
			RebuildTransferFunctionScriptingTraits (0ms)
			SetupTypeCache (379ms)
			ReleaseScriptCaches (1ms)
			RebuildScriptCaches (54ms)
			SetupLoadedEditorAssemblies (349ms)
				LogAssemblyErrors (0ms)
				InitializePlatformSupportModulesInManaged (4ms)
				SetLoadedEditorAssemblies (1ms)
				RefreshPlugins (1ms)
				BeforeProcessingInitializeOnLoad (82ms)
				ProcessInitializeOnLoadAttributes (239ms)
				ProcessInitializeOnLoadMethodAttributes (11ms)
				AfterProcessingInitializeOnLoad (10ms)
				EditorAssembliesLoaded (0ms)
			ExecutionOrderSort2 (0ms)
			AwakeInstancesAfterBackupRestoration (19ms)
Platform modules already initialized, skipping
Refreshing native plugins compatible for Editor in 0.75 ms, found 2 plugins.
Preloading 0 native plugins for Editor in 0.00 ms.
Unloading 2835 Unused Serialized files (Serialized files now loaded: 0)
System memory in use before: 135.6 MB.
System memory in use after: 135.8 MB.

Unloading 15 unused Assets to reduce memory usage. Loaded Objects now: 3475.
Total: 4.269100 ms (FindLiveObjects: 0.366200 ms CreateObjectMapping: 0.089700 ms MarkObjects: 3.789100 ms  DeleteObjects: 0.022500 ms)

AssetImportParameters requested are different than current active one (requested -> active):
  custom:framework-win-MediaFoundation: 216162199b28c13a410421893ffa2e32 -> 
  custom:video-decoder-ogg-theora: a1e56fd34408186e4bbccfd4996cb3dc -> 
  custom:container-muxer-webm: aa71ff27fc2769a1b78a27578f13a17b -> 
  custom:container-demuxer-webm: 4f35f7cbe854078d1ac9338744f61a02 -> 
  custom:container-demuxer-ogg: 62fdf1f143b41e24485cea50d1cbac27 -> 
  custom:video-encoder-webm-vp8: eb34c28f22e8b96e1ab97ce403110664 -> 
  custom:video-decoder-webm-vp8: 9c59270c3fd7afecdb556c50c9e8de78 -> 
  custom:audio-decoder-ogg-vorbis: bf7c407c2cedff20999df2af8eb42d56 -> 
  custom:audio-encoder-webm-vorbis: bf7c407c2cedff20999df2af8eb42d56 -> 
========================================================================
Received Import Request.
  Time since last request: 150.075442 seconds.
  path: Assets/myShader/Cloer+Move/Cloer+Move.mat
  artifactKey: Guid(779b13badb647a84b961569580796559) Importer(815301076,1909f56bfc062723c751e8b465ee728b)
Start importing Assets/myShader/Cloer+Move/Cloer+Move.mat using Guid(779b13badb647a84b961569580796559) Importer(815301076,1909f56bfc062723c751e8b465ee728b)  -> (artifact id: 'a277e7c7ab8fbd307ddb0724a929f5fc') in 0.197282 seconds 
  Import took 0.202615 seconds .

========================================================================
Received Import Request.
  Time since last request: 81.522989 seconds.
  path: Assets/myShader/Form.shadergraph
  artifactKey: Guid(238278dedd2ae6742bc4938ec3d236b0) Importer(815301076,1909f56bfc062723c751e8b465ee728b)
Start importing Assets/myShader/Form.shadergraph using Guid(238278dedd2ae6742bc4938ec3d236b0) Importer(815301076,1909f56bfc062723c751e8b465ee728b)  -> (artifact id: '160eb0de4eadac65d40128f5ce1ece36') in 0.008393 seconds 
  Import took 0.013904 seconds .

========================================================================
Received Prepare
Registering precompiled user dll's ...
Registered in 0.007657 seconds.
Begin MonoManager ReloadAssembly
Native extension for WindowsStandalone target not found
Refreshing native plugins compatible for Editor in 0.88 ms, found 2 plugins.
Preloading 0 native plugins for Editor in 0.00 ms.
Mono: successfully reloaded assembly
- Completed reload, in  1.364 seconds
Domain Reload Profiling:
	ReloadAssembly (1365ms)
		BeginReloadAssembly (152ms)
			ExecutionOrderSort (0ms)
			DisableScriptedObjects (8ms)
			BackupInstance (0ms)
			ReleaseScriptingObjects (0ms)
			CreateAndSetChildDomain (48ms)
		EndReloadAssembly (1127ms)
			LoadAssemblies (121ms)
			RebuildTransferFunctionScriptingTraits (0ms)
			SetupTypeCache (401ms)
			ReleaseScriptCaches (1ms)
			RebuildScriptCaches (53ms)
			SetupLoadedEditorAssemblies (369ms)
				LogAssemblyErrors (0ms)
				InitializePlatformSupportModulesInManaged (6ms)
				SetLoadedEditorAssemblies (1ms)
				RefreshPlugins (1ms)
				BeforeProcessingInitializeOnLoad (85ms)
				ProcessInitializeOnLoadAttributes (255ms)
				ProcessInitializeOnLoadMethodAttributes (11ms)
				AfterProcessingInitializeOnLoad (10ms)
				EditorAssembliesLoaded (0ms)
			ExecutionOrderSort2 (0ms)
			AwakeInstancesAfterBackupRestoration (21ms)
Platform modules already initialized, skipping
Refreshing native plugins compatible for Editor in 0.86 ms, found 2 plugins.
Preloading 0 native plugins for Editor in 0.00 ms.
Unloading 2835 Unused Serialized files (Serialized files now loaded: 0)
System memory in use before: 135.8 MB.
System memory in use after: 136.0 MB.

Unloading 15 unused Assets to reduce memory usage. Loaded Objects now: 3513.
Total: 4.245900 ms (FindLiveObjects: 0.384100 ms CreateObjectMapping: 0.095100 ms MarkObjects: 3.742200 ms  DeleteObjects: 0.022700 ms)

AssetImportParameters requested are different than current active one (requested -> active):
  custom:framework-win-MediaFoundation: 216162199b28c13a410421893ffa2e32 -> 
  custom:video-decoder-ogg-theora: a1e56fd34408186e4bbccfd4996cb3dc -> 
  custom:container-muxer-webm: aa71ff27fc2769a1b78a27578f13a17b -> 
  custom:container-demuxer-webm: 4f35f7cbe854078d1ac9338744f61a02 -> 
  custom:container-demuxer-ogg: 62fdf1f143b41e24485cea50d1cbac27 -> 
  custom:video-encoder-webm-vp8: eb34c28f22e8b96e1ab97ce403110664 -> 
  custom:video-decoder-webm-vp8: 9c59270c3fd7afecdb556c50c9e8de78 -> 
  custom:audio-decoder-ogg-vorbis: bf7c407c2cedff20999df2af8eb42d56 -> 
  custom:audio-encoder-webm-vorbis: bf7c407c2cedff20999df2af8eb42d56 -> 
========================================================================
Received Import Request.
  Time since last request: 810.473301 seconds.
  path: Assets/myShader/WaterMove/WaterMove.shadersubgraph
  artifactKey: Guid(5a8c495ef52b4d9499e091f5a4d6a1a7) Importer(815301076,1909f56bfc062723c751e8b465ee728b)
Start importing Assets/myShader/WaterMove/WaterMove.shadersubgraph using Guid(5a8c495ef52b4d9499e091f5a4d6a1a7) Importer(815301076,1909f56bfc062723c751e8b465ee728b)  -> (artifact id: '036adaae41ce2dcfddd11efeb90705b0') in 0.028664 seconds 
  Import took 0.036537 seconds .

========================================================================
Received Import Request.
  Time since last request: 4.784045 seconds.
  path: Assets/myShader/WaterMove/WaterMove.shadergraph
  artifactKey: Guid(31bfceaea3041fd42a6ceb416decb92a) Importer(815301076,1909f56bfc062723c751e8b465ee728b)
Start importing Assets/myShader/WaterMove/WaterMove.shadergraph using Guid(31bfceaea3041fd42a6ceb416decb92a) Importer(815301076,1909f56bfc062723c751e8b465ee728b)  -> (artifact id: 'ba5c04f327ec968ac47de93a226b09e0') in 0.005203 seconds 
  Import took 0.010869 seconds .

========================================================================
Received Import Request.
  Time since last request: 180.147980 seconds.
  path: Assets/myShader/Form.shadergraph
  artifactKey: Guid(238278dedd2ae6742bc4938ec3d236b0) Importer(815301076,1909f56bfc062723c751e8b465ee728b)
Start importing Assets/myShader/Form.shadergraph using Guid(238278dedd2ae6742bc4938ec3d236b0) Importer(815301076,1909f56bfc062723c751e8b465ee728b)  -> (artifact id: '1b24c82be9bab45d30ad6cba61d7b583') in 0.008955 seconds 
  Import took 0.014572 seconds .

========================================================================
Received Import Request.
  Time since last request: 23.975946 seconds.
  path: Assets/myShader/3++.shadergraph
  artifactKey: Guid(1819659ff13b609419900f693969e233) Importer(815301076,1909f56bfc062723c751e8b465ee728b)
Start importing Assets/myShader/3++.shadergraph using Guid(1819659ff13b609419900f693969e233) Importer(815301076,1909f56bfc062723c751e8b465ee728b)  -> (artifact id: 'c645137586bbd80f9d8a310e104b6e9f') in 0.011461 seconds 
  Import took 0.016705 seconds .

========================================================================
Received Import Request.
  Time since last request: 18.341014 seconds.
  path: Assets/myShader/Cloer+Move/Cloer+Move.shadersubgraph
  artifactKey: Guid(3bee55bb7c4159c45870da78a60dff3b) Importer(815301076,1909f56bfc062723c751e8b465ee728b)
Start importing Assets/myShader/Cloer+Move/Cloer+Move.shadersubgraph using Guid(3bee55bb7c4159c45870da78a60dff3b) Importer(815301076,1909f56bfc062723c751e8b465ee728b)  -> (artifact id: '12a1a9364fbb08afcd8c25ac68e4ddf9') in 0.006117 seconds 
  Import took 0.013100 seconds .

========================================================================
Received Import Request.
  Time since last request: 71.506917 seconds.
  path: Assets/myShader/From.shadersubgraph
  artifactKey: Guid(6a5465d43c13884438ac307e614096c4) Importer(815301076,1909f56bfc062723c751e8b465ee728b)
Start importing Assets/myShader/From.shadersubgraph using Guid(6a5465d43c13884438ac307e614096c4) Importer(815301076,1909f56bfc062723c751e8b465ee728b)  -> (artifact id: '1b091b8b9b54bb32785eb6a2170a2dee') in 0.007786 seconds 
  Import took 0.021751 seconds .

========================================================================
Received Import Request.
  Time since last request: 15.043993 seconds.
  path: Assets/myShader/From.shadersubgraph
  artifactKey: Guid(6a5465d43c13884438ac307e614096c4) Importer(815301076,1909f56bfc062723c751e8b465ee728b)
Start importing Assets/myShader/From.shadersubgraph using Guid(6a5465d43c13884438ac307e614096c4) Importer(815301076,1909f56bfc062723c751e8b465ee728b)  -> (artifact id: '58563f7083a7ea930de5e523a4b63fed') in 0.004893 seconds 
  Import took 0.032376 seconds .

========================================================================
Received Import Request.
  Time since last request: 431.528894 seconds.
  path: Assets/myShader/3++.mat
  artifactKey: Guid(fb5809c02308eb949bb888517ca68b3d) Importer(815301076,1909f56bfc062723c751e8b465ee728b)
Start importing Assets/myShader/3++.mat using Guid(fb5809c02308eb949bb888517ca68b3d) Importer(815301076,1909f56bfc062723c751e8b465ee728b)  -> (artifact id: 'bbd458a800c664c90aa3403ab343ef7f') in 0.335119 seconds 
  Import took 0.351273 seconds .

========================================================================
Received Import Request.
  Time since last request: 0.000229 seconds.
  path: Assets/myShader/From.mat
  artifactKey: Guid(86e9bb4ca65cb8b40a5306cdcf83e745) Importer(815301076,1909f56bfc062723c751e8b465ee728b)
Start importing Assets/myShader/From.mat using Guid(86e9bb4ca65cb8b40a5306cdcf83e745) Importer(815301076,1909f56bfc062723c751e8b465ee728b)  -> (artifact id: '11b435b34e788296e84a8c4dcc71d608') in 0.022021 seconds 
  Import took 0.035766 seconds .

========================================================================
Received Import Request.
  Time since last request: 25.023048 seconds.
  path: Assets/myShader/3++.shadergraph
  artifactKey: Guid(1819659ff13b609419900f693969e233) Importer(815301076,1909f56bfc062723c751e8b465ee728b)
Start importing Assets/myShader/3++.shadergraph using Guid(1819659ff13b609419900f693969e233) Importer(815301076,1909f56bfc062723c751e8b465ee728b)  -> (artifact id: 'c84feaaa49facd6c052d340ef331b189') in 0.006295 seconds 
  Import took 0.011634 seconds .

========================================================================
Received Import Request.
  Time since last request: 248.976352 seconds.
  path: Assets/myShader/From.shadergraph
  artifactKey: Guid(7c8dc21e372d8b947b1f987c6126bd7a) Importer(815301076,1909f56bfc062723c751e8b465ee728b)
Start importing Assets/myShader/From.shadergraph using Guid(7c8dc21e372d8b947b1f987c6126bd7a) Importer(815301076,1909f56bfc062723c751e8b465ee728b)  -> (artifact id: 'dd4e93bc2babbf146f20ac6877e76b63') in 0.005824 seconds 
  Import took 0.028283 seconds .

========================================================================
Received Import Request.
  Time since last request: 1361.190172 seconds.
  path: Assets/myShader/From.mat
  artifactKey: Guid(86e9bb4ca65cb8b40a5306cdcf83e745) Importer(815301076,1909f56bfc062723c751e8b465ee728b)
Start importing Assets/myShader/From.mat using Guid(86e9bb4ca65cb8b40a5306cdcf83e745) Importer(815301076,1909f56bfc062723c751e8b465ee728b)  -> (artifact id: '5e603f5d6437558e250b263af8a16bd8') in 0.016736 seconds 
  Import took 0.022336 seconds .

========================================================================
Received Import Request.
  Time since last request: 87.987522 seconds.
  path: Assets/myShader/From.shadergraph
  artifactKey: Guid(7c8dc21e372d8b947b1f987c6126bd7a) Importer(815301076,1909f56bfc062723c751e8b465ee728b)
Start importing Assets/myShader/From.shadergraph using Guid(7c8dc21e372d8b947b1f987c6126bd7a) Importer(815301076,1909f56bfc062723c751e8b465ee728b)  -> (artifact id: '6192e8e7afbcb42cd56a7029cf8d875d') in 0.005729 seconds 
  Import took 0.033132 seconds .

========================================================================
Received Import Request.
  Time since last request: 43.412878 seconds.
  path: Assets/myShader/From.shadergraph
  artifactKey: Guid(7c8dc21e372d8b947b1f987c6126bd7a) Importer(815301076,1909f56bfc062723c751e8b465ee728b)
Start importing Assets/myShader/From.shadergraph using Guid(7c8dc21e372d8b947b1f987c6126bd7a) Importer(815301076,1909f56bfc062723c751e8b465ee728b)  -> (artifact id: 'ef194778c1f62e452af1bf13433f4d46') in 0.006219 seconds 
  Import took 0.011340 seconds .

========================================================================
Received Import Request.
  Time since last request: 15.921695 seconds.
  path: Assets/myShader/From.shadergraph
  artifactKey: Guid(7c8dc21e372d8b947b1f987c6126bd7a) Importer(815301076,1909f56bfc062723c751e8b465ee728b)
Start importing Assets/myShader/From.shadergraph using Guid(7c8dc21e372d8b947b1f987c6126bd7a) Importer(815301076,1909f56bfc062723c751e8b465ee728b)  -> (artifact id: '2ebe1dfe46968a038c97cfdb54500999') in 0.005712 seconds 
  Import took 0.019628 seconds .

========================================================================
Received Import Request.
  Time since last request: 431.668601 seconds.
  path: Assets/myShader/From.shadergraph
  artifactKey: Guid(7c8dc21e372d8b947b1f987c6126bd7a) Importer(815301076,1909f56bfc062723c751e8b465ee728b)
Start importing Assets/myShader/From.shadergraph using Guid(7c8dc21e372d8b947b1f987c6126bd7a) Importer(815301076,1909f56bfc062723c751e8b465ee728b)  -> (artifact id: 'e963d1ab169aa2ade7d5c732f12bbf53') in 0.006116 seconds 
  Import took 0.026623 seconds .

========================================================================
Received Prepare
Registering precompiled user dll's ...
Registered in 0.006855 seconds.
Begin MonoManager ReloadAssembly
Native extension for WindowsStandalone target not found
Refreshing native plugins compatible for Editor in 0.65 ms, found 2 plugins.
Preloading 0 native plugins for Editor in 0.00 ms.
Mono: successfully reloaded assembly
- Completed reload, in  1.356 seconds
Domain Reload Profiling:
	ReloadAssembly (1357ms)
		BeginReloadAssembly (150ms)
			ExecutionOrderSort (0ms)
			DisableScriptedObjects (8ms)
			BackupInstance (0ms)
			ReleaseScriptingObjects (0ms)
			CreateAndSetChildDomain (45ms)
		EndReloadAssembly (1125ms)
			LoadAssemblies (114ms)
			RebuildTransferFunctionScriptingTraits (0ms)
			SetupTypeCache (368ms)
			ReleaseScriptCaches (2ms)
			RebuildScriptCaches (55ms)
			SetupLoadedEditorAssemblies (349ms)
				LogAssemblyErrors (0ms)
				InitializePlatformSupportModulesInManaged (4ms)
				SetLoadedEditorAssemblies (1ms)
				RefreshPlugins (1ms)
				BeforeProcessingInitializeOnLoad (83ms)
				ProcessInitializeOnLoadAttributes (239ms)
				ProcessInitializeOnLoadMethodAttributes (11ms)
				AfterProcessingInitializeOnLoad (10ms)
				EditorAssembliesLoaded (0ms)
			ExecutionOrderSort2 (0ms)
			AwakeInstancesAfterBackupRestoration (21ms)
Platform modules already initialized, skipping
Refreshing native plugins compatible for Editor in 0.71 ms, found 2 plugins.
Preloading 0 native plugins for Editor in 0.00 ms.
Unloading 2835 Unused Serialized files (Serialized files now loaded: 0)
System memory in use before: 135.9 MB.
System memory in use after: 136.2 MB.

Unloading 15 unused Assets to reduce memory usage. Loaded Objects now: 3551.
Total: 4.109900 ms (FindLiveObjects: 0.373900 ms CreateObjectMapping: 0.088300 ms MarkObjects: 3.624000 ms  DeleteObjects: 0.021900 ms)

AssetImportParameters requested are different than current active one (requested -> active):
  custom:framework-win-MediaFoundation: 216162199b28c13a410421893ffa2e32 -> 
  custom:video-decoder-ogg-theora: a1e56fd34408186e4bbccfd4996cb3dc -> 
  custom:container-muxer-webm: aa71ff27fc2769a1b78a27578f13a17b -> 
  custom:container-demuxer-webm: 4f35f7cbe854078d1ac9338744f61a02 -> 
  custom:container-demuxer-ogg: 62fdf1f143b41e24485cea50d1cbac27 -> 
  custom:video-encoder-webm-vp8: eb34c28f22e8b96e1ab97ce403110664 -> 
  custom:video-decoder-webm-vp8: 9c59270c3fd7afecdb556c50c9e8de78 -> 
  custom:audio-decoder-ogg-vorbis: bf7c407c2cedff20999df2af8eb42d56 -> 
  custom:audio-encoder-webm-vorbis: bf7c407c2cedff20999df2af8eb42d56 -> 
========================================================================
Received Import Request.
  Time since last request: 803.041310 seconds.
  path: Assets/myShader/Cloer+Move/Cloer+Move.mat
  artifactKey: Guid(779b13badb647a84b961569580796559) Importer(815301076,1909f56bfc062723c751e8b465ee728b)
Start importing Assets/myShader/Cloer+Move/Cloer+Move.mat using Guid(779b13badb647a84b961569580796559) Importer(815301076,1909f56bfc062723c751e8b465ee728b)  -> (artifact id: '1a7d182795770d8f4615c20cb437bd38') in 0.192251 seconds 
  Import took 0.197624 seconds .

========================================================================
Received Import Request.
  Time since last request: 340.566047 seconds.
  path: Assets/myShader/Cloer+Move/Cloer+Move.shadersubgraph
  artifactKey: Guid(3bee55bb7c4159c45870da78a60dff3b) Importer(815301076,1909f56bfc062723c751e8b465ee728b)
Start importing Assets/myShader/Cloer+Move/Cloer+Move.shadersubgraph using Guid(3bee55bb7c4159c45870da78a60dff3b) Importer(815301076,1909f56bfc062723c751e8b465ee728b)  -> (artifact id: '7e6a01b3f5ee0fd390ed567c73978b5c') in 0.008148 seconds 
  Import took 0.013828 seconds .

========================================================================
Received Import Request.
  Time since last request: 8.205660 seconds.
  path: Assets/myShader/Cloer+Move/Cloer+Move.shadergraph
  artifactKey: Guid(138c78667a3a1c94c8ec8127c72a58cc) Importer(815301076,1909f56bfc062723c751e8b465ee728b)
Start importing Assets/myShader/Cloer+Move/Cloer+Move.shadergraph using Guid(138c78667a3a1c94c8ec8127c72a58cc) Importer(815301076,1909f56bfc062723c751e8b465ee728b)  -> (artifact id: '06565a29435deed920459c3f950a38c1') in 0.004410 seconds 
  Import took 0.016132 seconds .

========================================================================
Received Import Request.
  Time since last request: 232.399270 seconds.
  path: Assets/myShader/Cloer+Move/Cloer+Move.shadersubgraph
  artifactKey: Guid(3bee55bb7c4159c45870da78a60dff3b) Importer(815301076,1909f56bfc062723c751e8b465ee728b)
Start importing Assets/myShader/Cloer+Move/Cloer+Move.shadersubgraph using Guid(3bee55bb7c4159c45870da78a60dff3b) Importer(815301076,1909f56bfc062723c751e8b465ee728b)  -> (artifact id: 'a451e1265c54031997d94249eaa24c65') in 0.005211 seconds 
  Import took 0.025797 seconds .

========================================================================
Received Import Request.
  Time since last request: 108.320803 seconds.
  path: Assets/myShader/From.mat
  artifactKey: Guid(86e9bb4ca65cb8b40a5306cdcf83e745) Importer(815301076,1909f56bfc062723c751e8b465ee728b)
Start importing Assets/myShader/From.mat using Guid(86e9bb4ca65cb8b40a5306cdcf83e745) Importer(815301076,1909f56bfc062723c751e8b465ee728b)  -> (artifact id: '1c471c7f9729431752e0eacd1206179c') in 0.017227 seconds 
  Import took 0.029942 seconds .

========================================================================
Received Import Request.
  Time since last request: 167.319899 seconds.
  path: Assets/myShader/From.shadergraph
  artifactKey: Guid(7c8dc21e372d8b947b1f987c6126bd7a) Importer(815301076,1909f56bfc062723c751e8b465ee728b)
Start importing Assets/myShader/From.shadergraph using Guid(7c8dc21e372d8b947b1f987c6126bd7a) Importer(815301076,1909f56bfc062723c751e8b465ee728b)  -> (artifact id: 'ba415b79c6a53a6aef370537da0cd1ea') in 0.008493 seconds 
  Import took 0.014091 seconds .

========================================================================
Received Prepare
Registering precompiled user dll's ...
Registered in 0.007684 seconds.
Begin MonoManager ReloadAssembly
Native extension for WindowsStandalone target not found
Refreshing native plugins compatible for Editor in 0.70 ms, found 2 plugins.
Preloading 0 native plugins for Editor in 0.00 ms.
Mono: successfully reloaded assembly
- Completed reload, in  1.295 seconds
Domain Reload Profiling:
	ReloadAssembly (1296ms)
		BeginReloadAssembly (156ms)
			ExecutionOrderSort (0ms)
			DisableScriptedObjects (8ms)
			BackupInstance (0ms)
			ReleaseScriptingObjects (0ms)
			CreateAndSetChildDomain (46ms)
		EndReloadAssembly (1059ms)
			LoadAssemblies (116ms)
			RebuildTransferFunctionScriptingTraits (0ms)
			SetupTypeCache (367ms)
			ReleaseScriptCaches (2ms)
			RebuildScriptCaches (52ms)
			SetupLoadedEditorAssemblies (352ms)
				LogAssemblyErrors (0ms)
				InitializePlatformSupportModulesInManaged (4ms)
				SetLoadedEditorAssemblies (1ms)
				RefreshPlugins (1ms)
				BeforeProcessingInitializeOnLoad (82ms)
				ProcessInitializeOnLoadAttributes (242ms)
				ProcessInitializeOnLoadMethodAttributes (11ms)
				AfterProcessingInitializeOnLoad (10ms)
				EditorAssembliesLoaded (0ms)
			ExecutionOrderSort2 (0ms)
			AwakeInstancesAfterBackupRestoration (20ms)
Platform modules already initialized, skipping
Refreshing native plugins compatible for Editor in 0.71 ms, found 2 plugins.
Preloading 0 native plugins for Editor in 0.00 ms.
Unloading 2835 Unused Serialized files (Serialized files now loaded: 0)
System memory in use before: 136.1 MB.
System memory in use after: 136.3 MB.

Unloading 15 unused Assets to reduce memory usage. Loaded Objects now: 3589.
Total: 4.196700 ms (FindLiveObjects: 0.390300 ms CreateObjectMapping: 0.086400 ms MarkObjects: 3.692900 ms  DeleteObjects: 0.022300 ms)

AssetImportParameters requested are different than current active one (requested -> active):
  custom:framework-win-MediaFoundation: 216162199b28c13a410421893ffa2e32 -> 
  custom:video-decoder-ogg-theora: a1e56fd34408186e4bbccfd4996cb3dc -> 
  custom:container-muxer-webm: aa71ff27fc2769a1b78a27578f13a17b -> 
  custom:container-demuxer-webm: 4f35f7cbe854078d1ac9338744f61a02 -> 
  custom:container-demuxer-ogg: 62fdf1f143b41e24485cea50d1cbac27 -> 
  custom:video-encoder-webm-vp8: eb34c28f22e8b96e1ab97ce403110664 -> 
  custom:video-decoder-webm-vp8: 9c59270c3fd7afecdb556c50c9e8de78 -> 
  custom:audio-decoder-ogg-vorbis: bf7c407c2cedff20999df2af8eb42d56 -> 
  custom:audio-encoder-webm-vorbis: bf7c407c2cedff20999df2af8eb42d56 -> 
========================================================================
Received Import Request.
  Time since last request: 15.651901 seconds.
  path: Assets/myShader/From.shadergraph
  artifactKey: Guid(7c8dc21e372d8b947b1f987c6126bd7a) Importer(815301076,1909f56bfc062723c751e8b465ee728b)
Start importing Assets/myShader/From.shadergraph using Guid(7c8dc21e372d8b947b1f987c6126bd7a) Importer(815301076,1909f56bfc062723c751e8b465ee728b)  -> (artifact id: '06d87b8f4a7dca08792f2e3809603c18') in 0.022638 seconds 
  Import took 0.038982 seconds .

========================================================================
Received Import Request.
  Time since last request: 45.330046 seconds.
  path: Assets/myShader/From.shadersubgraph
  artifactKey: Guid(6a5465d43c13884438ac307e614096c4) Importer(815301076,1909f56bfc062723c751e8b465ee728b)
Start importing Assets/myShader/From.shadersubgraph using Guid(6a5465d43c13884438ac307e614096c4) Importer(815301076,1909f56bfc062723c751e8b465ee728b)  -> (artifact id: 'dc47869e4cc2f25e65cc45a25e4e6c0a') in 0.008923 seconds 
  Import took 0.015394 seconds .

========================================================================
Received Import Request.
  Time since last request: 11.451388 seconds.
  path: Assets/myShader/From
  artifactKey: Guid(0f3351b26468db449b5fb7d3aa7a2436) Importer(815301076,1909f56bfc062723c751e8b465ee728b)
Start importing Assets/myShader/From using Guid(0f3351b26468db449b5fb7d3aa7a2436) Importer(815301076,1909f56bfc062723c751e8b465ee728b)  -> (artifact id: 'c98530c2a0295938423c2e02fce1e6d3') in 0.004069 seconds 
  Import took 0.031703 seconds .

========================================================================
Received Import Request.
  Time since last request: 18.340606 seconds.
  path: Assets/myShader/sum.shadergraph
  artifactKey: Guid(c56b2fa99e05c104782c548069d394f2) Importer(815301076,1909f56bfc062723c751e8b465ee728b)
Start importing Assets/myShader/sum.shadergraph using Guid(c56b2fa99e05c104782c548069d394f2) Importer(815301076,1909f56bfc062723c751e8b465ee728b)  -> (artifact id: 'af6addbe45b339272a5a3aaa79f6bdfb') in 0.011251 seconds 
  Import took 0.016626 seconds .

========================================================================
Received Import Request.
  Time since last request: 340.781685 seconds.
  path: Assets/myShader/sum.shadergraph
  artifactKey: Guid(c56b2fa99e05c104782c548069d394f2) Importer(815301076,1909f56bfc062723c751e8b465ee728b)
Start importing Assets/myShader/sum.shadergraph using Guid(c56b2fa99e05c104782c548069d394f2) Importer(815301076,1909f56bfc062723c751e8b465ee728b)  -> (artifact id: '6ab56e2f19c5889ceab74d930e653733') in 0.010853 seconds 
  Import took 0.016406 seconds .

========================================================================
Received Import Request.
  Time since last request: 8.182778 seconds.
  path: Assets/myShader/From.mat
  artifactKey: Guid(86e9bb4ca65cb8b40a5306cdcf83e745) Importer(815301076,1909f56bfc062723c751e8b465ee728b)
Start importing Assets/myShader/From.mat using Guid(86e9bb4ca65cb8b40a5306cdcf83e745) Importer(815301076,1909f56bfc062723c751e8b465ee728b)  -> (artifact id: 'c9bfc9b02e5016d0b194ee7a77910856') in 0.192954 seconds 
  Import took 0.198389 seconds .

========================================================================
Received Import Request.
  Time since last request: 0.000229 seconds.
  path: Assets/myShader/sum.mat
  artifactKey: Guid(cab7b7195e21eb74d83bb1ecf5d36f7d) Importer(815301076,1909f56bfc062723c751e8b465ee728b)
Start importing Assets/myShader/sum.mat using Guid(cab7b7195e21eb74d83bb1ecf5d36f7d) Importer(815301076,1909f56bfc062723c751e8b465ee728b)  -> (artifact id: '7d2266382e627994713ea10cba70d845') in 0.016938 seconds 
  Import took 0.047678 seconds .

========================================================================
Received Prepare
Registering precompiled user dll's ...
Registered in 0.006867 seconds.
Begin MonoManager ReloadAssembly
Native extension for WindowsStandalone target not found
Refreshing native plugins compatible for Editor in 0.69 ms, found 2 plugins.
Preloading 0 native plugins for Editor in 0.00 ms.
Mono: successfully reloaded assembly
- Completed reload, in  1.268 seconds
Domain Reload Profiling:
	ReloadAssembly (1268ms)
		BeginReloadAssembly (145ms)
			ExecutionOrderSort (0ms)
			DisableScriptedObjects (8ms)
			BackupInstance (0ms)
			ReleaseScriptingObjects (0ms)
			CreateAndSetChildDomain (41ms)
		EndReloadAssembly (1037ms)
			LoadAssemblies (116ms)
			RebuildTransferFunctionScriptingTraits (0ms)
			SetupTypeCache (362ms)
			ReleaseScriptCaches (2ms)
			RebuildScriptCaches (49ms)
			SetupLoadedEditorAssemblies (342ms)
				LogAssemblyErrors (0ms)
				InitializePlatformSupportModulesInManaged (4ms)
				SetLoadedEditorAssemblies (1ms)
				RefreshPlugins (1ms)
				BeforeProcessingInitializeOnLoad (80ms)
				ProcessInitializeOnLoadAttributes (235ms)
				ProcessInitializeOnLoadMethodAttributes (11ms)
				AfterProcessingInitializeOnLoad (10ms)
				EditorAssembliesLoaded (0ms)
			ExecutionOrderSort2 (0ms)
			AwakeInstancesAfterBackupRestoration (20ms)
Platform modules already initialized, skipping
Refreshing native plugins compatible for Editor in 0.68 ms, found 2 plugins.
Preloading 0 native plugins for Editor in 0.00 ms.
Unloading 2836 Unused Serialized files (Serialized files now loaded: 0)
System memory in use before: 136.7 MB.
System memory in use after: 136.9 MB.

Unloading 15 unused Assets to reduce memory usage. Loaded Objects now: 3628.
Total: 4.113700 ms (FindLiveObjects: 0.403800 ms CreateObjectMapping: 0.089500 ms MarkObjects: 3.599400 ms  DeleteObjects: 0.019200 ms)

AssetImportParameters requested are different than current active one (requested -> active):
  custom:framework-win-MediaFoundation: 216162199b28c13a410421893ffa2e32 -> 
  custom:video-decoder-ogg-theora: a1e56fd34408186e4bbccfd4996cb3dc -> 
  custom:container-muxer-webm: aa71ff27fc2769a1b78a27578f13a17b -> 
  custom:container-demuxer-webm: 4f35f7cbe854078d1ac9338744f61a02 -> 
  custom:container-demuxer-ogg: 62fdf1f143b41e24485cea50d1cbac27 -> 
  custom:video-encoder-webm-vp8: eb34c28f22e8b96e1ab97ce403110664 -> 
  custom:video-decoder-webm-vp8: 9c59270c3fd7afecdb556c50c9e8de78 -> 
  custom:audio-decoder-ogg-vorbis: bf7c407c2cedff20999df2af8eb42d56 -> 
  custom:audio-encoder-webm-vorbis: bf7c407c2cedff20999df2af8eb42d56 -> 
========================================================================
Received Import Request.
  Time since last request: 288.961187 seconds.
  path: Assets/myShader/sum.shadergraph
  artifactKey: Guid(c56b2fa99e05c104782c548069d394f2) Importer(815301076,1909f56bfc062723c751e8b465ee728b)
Start importing Assets/myShader/sum.shadergraph using Guid(c56b2fa99e05c104782c548069d394f2) Importer(815301076,1909f56bfc062723c751e8b465ee728b)  -> (artifact id: '3fdaa8a811dced7810115538a02077f7') in 0.020192 seconds 
  Import took 0.043484 seconds .

========================================================================
Received Import Request.
  Time since last request: 130.952471 seconds.
  path: Assets/myShader/sum.shadergraph
  artifactKey: Guid(c56b2fa99e05c104782c548069d394f2) Importer(815301076,1909f56bfc062723c751e8b465ee728b)
Start importing Assets/myShader/sum.shadergraph using Guid(c56b2fa99e05c104782c548069d394f2) Importer(815301076,1909f56bfc062723c751e8b465ee728b)  -> (artifact id: 'a5d0ef22dfb3b868e76d81adc2358ba3') in 0.005685 seconds 
  Import took 0.020290 seconds .

========================================================================
Received Import Request.
  Time since last request: 84.921457 seconds.
  path: Assets/myShader/sum.mat
  artifactKey: Guid(cab7b7195e21eb74d83bb1ecf5d36f7d) Importer(815301076,1909f56bfc062723c751e8b465ee728b)
Start importing Assets/myShader/sum.mat using Guid(cab7b7195e21eb74d83bb1ecf5d36f7d) Importer(815301076,1909f56bfc062723c751e8b465ee728b)  -> (artifact id: 'cf060e8fcde3c1e08c1a3b9683cd33ab') in 0.180503 seconds 
  Import took 0.186041 seconds .

========================================================================
Received Prepare
Registering precompiled user dll's ...
Registered in 0.006754 seconds.
Begin MonoManager ReloadAssembly
Native extension for WindowsStandalone target not found
Refreshing native plugins compatible for Editor in 0.69 ms, found 2 plugins.
Preloading 0 native plugins for Editor in 0.00 ms.
Mono: successfully reloaded assembly
- Completed reload, in  1.254 seconds
Domain Reload Profiling:
	ReloadAssembly (1255ms)
		BeginReloadAssembly (149ms)
			ExecutionOrderSort (0ms)
			DisableScriptedObjects (8ms)
			BackupInstance (0ms)
			ReleaseScriptingObjects (0ms)
			CreateAndSetChildDomain (45ms)
		EndReloadAssembly (1023ms)
			LoadAssemblies (112ms)
			RebuildTransferFunctionScriptingTraits (0ms)
			SetupTypeCache (358ms)
			ReleaseScriptCaches (2ms)
			RebuildScriptCaches (49ms)
			SetupLoadedEditorAssemblies (333ms)
				LogAssemblyErrors (0ms)
				InitializePlatformSupportModulesInManaged (4ms)
				SetLoadedEditorAssemblies (1ms)
				RefreshPlugins (1ms)
				BeforeProcessingInitializeOnLoad (78ms)
				ProcessInitializeOnLoadAttributes (230ms)
				ProcessInitializeOnLoadMethodAttributes (11ms)
				AfterProcessingInitializeOnLoad (10ms)
				EditorAssembliesLoaded (0ms)
			ExecutionOrderSort2 (0ms)
			AwakeInstancesAfterBackupRestoration (20ms)
Platform modules already initialized, skipping
Refreshing native plugins compatible for Editor in 0.71 ms, found 2 plugins.
Preloading 0 native plugins for Editor in 0.00 ms.
Unloading 2835 Unused Serialized files (Serialized files now loaded: 0)
System memory in use before: 136.6 MB.
System memory in use after: 136.8 MB.

Unloading 15 unused Assets to reduce memory usage. Loaded Objects now: 3666.
Total: 4.437600 ms (FindLiveObjects: 0.397500 ms CreateObjectMapping: 0.091000 ms MarkObjects: 3.922600 ms  DeleteObjects: 0.024600 ms)

AssetImportParameters requested are different than current active one (requested -> active):
  custom:framework-win-MediaFoundation: 216162199b28c13a410421893ffa2e32 -> 
  custom:video-decoder-ogg-theora: a1e56fd34408186e4bbccfd4996cb3dc -> 
  custom:container-muxer-webm: aa71ff27fc2769a1b78a27578f13a17b -> 
  custom:container-demuxer-webm: 4f35f7cbe854078d1ac9338744f61a02 -> 
  custom:container-demuxer-ogg: 62fdf1f143b41e24485cea50d1cbac27 -> 
  custom:video-encoder-webm-vp8: eb34c28f22e8b96e1ab97ce403110664 -> 
  custom:video-decoder-webm-vp8: 9c59270c3fd7afecdb556c50c9e8de78 -> 
  custom:audio-decoder-ogg-vorbis: bf7c407c2cedff20999df2af8eb42d56 -> 
  custom:audio-encoder-webm-vorbis: bf7c407c2cedff20999df2af8eb42d56 -> 
========================================================================
Received Import Request.
  Time since last request: 308.749443 seconds.
  path: Assets/myShader/sum.mat
  artifactKey: Guid(cab7b7195e21eb74d83bb1ecf5d36f7d) Importer(815301076,1909f56bfc062723c751e8b465ee728b)
Start importing Assets/myShader/sum.mat using Guid(cab7b7195e21eb74d83bb1ecf5d36f7d) Importer(815301076,1909f56bfc062723c751e8b465ee728b)  -> (artifact id: '81015eab0e9452a874ccd7ddd5db6509') in 0.201932 seconds 
  Import took 0.220920 seconds .

========================================================================
Received Import Request.
  Time since last request: 0.000242 seconds.
  path: Assets/myShader/sum2.mat
  artifactKey: Guid(dd085aea0147f914f9941f458aa3beaa) Importer(815301076,1909f56bfc062723c751e8b465ee728b)
Start importing Assets/myShader/sum2.mat using Guid(dd085aea0147f914f9941f458aa3beaa) Importer(815301076,1909f56bfc062723c751e8b465ee728b)  -> (artifact id: 'b6a1c20f075473ddc6005415540f66f6') in 0.022923 seconds 
  Import took 0.033400 seconds .

========================================================================
Received Import Request.
  Time since last request: 68.972194 seconds.
  path: Assets/myShader/sum.mat
  artifactKey: Guid(cab7b7195e21eb74d83bb1ecf5d36f7d) Importer(815301076,1909f56bfc062723c751e8b465ee728b)
Start importing Assets/myShader/sum.mat using Guid(cab7b7195e21eb74d83bb1ecf5d36f7d) Importer(815301076,1909f56bfc062723c751e8b465ee728b)  -> (artifact id: '7a5be4499c93779e8aa05be25c80f4db') in 0.014509 seconds 
  Import took 0.026779 seconds .

========================================================================
Received Import Request.
  Time since last request: 1.568989 seconds.
  path: Assets/myShader/sum.shadergraph
  artifactKey: Guid(c56b2fa99e05c104782c548069d394f2) Importer(815301076,1909f56bfc062723c751e8b465ee728b)
Start importing Assets/myShader/sum.shadergraph using Guid(c56b2fa99e05c104782c548069d394f2) Importer(815301076,1909f56bfc062723c751e8b465ee728b)  -> (artifact id: '0753646e7e7c17c7772596ef58f240db') in 0.005404 seconds 
  Import took 0.010813 seconds .

========================================================================
Received Import Request.
  Time since last request: 111.853262 seconds.
  path: Assets/myShader/sum.mat
  artifactKey: Guid(cab7b7195e21eb74d83bb1ecf5d36f7d) Importer(815301076,1909f56bfc062723c751e8b465ee728b)
Start importing Assets/myShader/sum.mat using Guid(cab7b7195e21eb74d83bb1ecf5d36f7d) Importer(815301076,1909f56bfc062723c751e8b465ee728b)  -> (artifact id: 'f86e1ae5131bfee5016a7e7aa60224ba') in 0.015419 seconds 
  Import took 0.021744 seconds .

========================================================================
Received Import Request.
  Time since last request: 1.560938 seconds.
  path: Assets/myShader/sum.shadergraph
  artifactKey: Guid(c56b2fa99e05c104782c548069d394f2) Importer(815301076,1909f56bfc062723c751e8b465ee728b)
Start importing Assets/myShader/sum.shadergraph using Guid(c56b2fa99e05c104782c548069d394f2) Importer(815301076,1909f56bfc062723c751e8b465ee728b)  -> (artifact id: 'afac603cfabb50d60971ba09ecdd8d88') in 0.008190 seconds 
  Import took 0.025845 seconds .

========================================================================
Received Import Request.
  Time since last request: 73.102929 seconds.
  path: Assets/myShader/From.shadergraph
  artifactKey: Guid(7c8dc21e372d8b947b1f987c6126bd7a) Importer(815301076,1909f56bfc062723c751e8b465ee728b)
Start importing Assets/myShader/From.shadergraph using Guid(7c8dc21e372d8b947b1f987c6126bd7a) Importer(815301076,1909f56bfc062723c751e8b465ee728b)  -> (artifact id: 'b4a4619126319512a5b9894b64da45fc') in 0.006151 seconds 
  Import took 0.022237 seconds .

========================================================================
Received Import Request.
  Time since last request: 197.024418 seconds.
  path: Assets/myShader/From.shadersubgraph
  artifactKey: Guid(6a5465d43c13884438ac307e614096c4) Importer(815301076,1909f56bfc062723c751e8b465ee728b)
Start importing Assets/myShader/From.shadersubgraph using Guid(6a5465d43c13884438ac307e614096c4) Importer(815301076,1909f56bfc062723c751e8b465ee728b)  -> (artifact id: 'fc8a8ad7d4f7bc9be9352d8cecde08d0') in 0.007165 seconds 
  Import took 0.021396 seconds .

========================================================================
Received Import Request.
  Time since last request: 26.597716 seconds.
  path: Assets/myShader/From.shadergraph
  artifactKey: Guid(7c8dc21e372d8b947b1f987c6126bd7a) Importer(815301076,1909f56bfc062723c751e8b465ee728b)
Start importing Assets/myShader/From.shadergraph using Guid(7c8dc21e372d8b947b1f987c6126bd7a) Importer(815301076,1909f56bfc062723c751e8b465ee728b)  -> (artifact id: 'd85e5bea6d313a517a498c779d986c3d') in 0.004768 seconds 
  Import took 0.009820 seconds .

========================================================================
Received Import Request.
  Time since last request: 14.283823 seconds.
  path: Assets/myShader/From.shadergraph
  artifactKey: Guid(7c8dc21e372d8b947b1f987c6126bd7a) Importer(815301076,1909f56bfc062723c751e8b465ee728b)
Start importing Assets/myShader/From.shadergraph using Guid(7c8dc21e372d8b947b1f987c6126bd7a) Importer(815301076,1909f56bfc062723c751e8b465ee728b)  -> (artifact id: '71d793de16d06bf28b3e0162efac5891') in 0.004556 seconds 
  Import took 0.018722 seconds .

========================================================================
Received Import Request.
  Time since last request: 94.663043 seconds.
  path: Assets/myShader/From.shadersubgraph
  artifactKey: Guid(6a5465d43c13884438ac307e614096c4) Importer(815301076,1909f56bfc062723c751e8b465ee728b)
Start importing Assets/myShader/From.shadersubgraph using Guid(6a5465d43c13884438ac307e614096c4) Importer(815301076,1909f56bfc062723c751e8b465ee728b)  -> (artifact id: '81c4db3ce184db3992d2b8b617f6b962') in 0.004891 seconds 
  Import took 0.010286 seconds .

========================================================================
Received Import Request.
  Time since last request: 110.565009 seconds.
  path: Assets/myShader/sum.mat
  artifactKey: Guid(cab7b7195e21eb74d83bb1ecf5d36f7d) Importer(815301076,1909f56bfc062723c751e8b465ee728b)
Start importing Assets/myShader/sum.mat using Guid(cab7b7195e21eb74d83bb1ecf5d36f7d) Importer(815301076,1909f56bfc062723c751e8b465ee728b)  -> (artifact id: 'dd6eb7e7440df4cb0f729cfac6ab2899') in 0.015131 seconds 
  Import took 0.020248 seconds .

========================================================================
Received Import Request.
  Time since last request: 74.741540 seconds.
  path: Assets/myShader/From.shadergraph
  artifactKey: Guid(7c8dc21e372d8b947b1f987c6126bd7a) Importer(815301076,1909f56bfc062723c751e8b465ee728b)
Start importing Assets/myShader/From.shadergraph using Guid(7c8dc21e372d8b947b1f987c6126bd7a) Importer(815301076,1909f56bfc062723c751e8b465ee728b)  -> (artifact id: 'd22d9b7d677a8968bcede3ad182c5504') in 0.004565 seconds 
  Import took 0.009900 seconds .

========================================================================
Received Prepare
Registering precompiled user dll's ...
Registered in 0.007009 seconds.
Begin MonoManager ReloadAssembly
Native extension for WindowsStandalone target not found
Refreshing native plugins compatible for Editor in 0.69 ms, found 2 plugins.
Preloading 0 native plugins for Editor in 0.00 ms.
Mono: successfully reloaded assembly
- Completed reload, in  1.298 seconds
Domain Reload Profiling:
	ReloadAssembly (1299ms)
		BeginReloadAssembly (149ms)
			ExecutionOrderSort (0ms)
			DisableScriptedObjects (8ms)
			BackupInstance (0ms)
			ReleaseScriptingObjects (0ms)
			CreateAndSetChildDomain (47ms)
		EndReloadAssembly (1068ms)
			LoadAssemblies (114ms)
			RebuildTransferFunctionScriptingTraits (0ms)
			SetupTypeCache (372ms)
			ReleaseScriptCaches (2ms)
			RebuildScriptCaches (50ms)
			SetupLoadedEditorAssemblies (353ms)
				LogAssemblyErrors (0ms)
				InitializePlatformSupportModulesInManaged (4ms)
				SetLoadedEditorAssemblies (1ms)
				RefreshPlugins (1ms)
				BeforeProcessingInitializeOnLoad (81ms)
				ProcessInitializeOnLoadAttributes (243ms)
				ProcessInitializeOnLoadMethodAttributes (12ms)
				AfterProcessingInitializeOnLoad (11ms)
				EditorAssembliesLoaded (0ms)
			ExecutionOrderSort2 (0ms)
			AwakeInstancesAfterBackupRestoration (22ms)
Platform modules already initialized, skipping
Refreshing native plugins compatible for Editor in 0.68 ms, found 2 plugins.
Preloading 0 native plugins for Editor in 0.00 ms.
Unloading 2836 Unused Serialized files (Serialized files now loaded: 0)
System memory in use before: 137.2 MB.
System memory in use after: 137.4 MB.

Unloading 15 unused Assets to reduce memory usage. Loaded Objects now: 3705.
Total: 4.402500 ms (FindLiveObjects: 0.406700 ms CreateObjectMapping: 0.088200 ms MarkObjects: 3.882800 ms  DeleteObjects: 0.023200 ms)

AssetImportParameters requested are different than current active one (requested -> active):
  custom:framework-win-MediaFoundation: 216162199b28c13a410421893ffa2e32 -> 
  custom:video-decoder-ogg-theora: a1e56fd34408186e4bbccfd4996cb3dc -> 
  custom:container-muxer-webm: aa71ff27fc2769a1b78a27578f13a17b -> 
  custom:container-demuxer-webm: 4f35f7cbe854078d1ac9338744f61a02 -> 
  custom:container-demuxer-ogg: 62fdf1f143b41e24485cea50d1cbac27 -> 
  custom:video-encoder-webm-vp8: eb34c28f22e8b96e1ab97ce403110664 -> 
  custom:video-decoder-webm-vp8: 9c59270c3fd7afecdb556c50c9e8de78 -> 
  custom:audio-decoder-ogg-vorbis: bf7c407c2cedff20999df2af8eb42d56 -> 
  custom:audio-encoder-webm-vorbis: bf7c407c2cedff20999df2af8eb42d56 -> 
========================================================================
Received Import Request.
  Time since last request: 49.280643 seconds.
  path: Assets/myShader/sum.shadergraph
  artifactKey: Guid(c56b2fa99e05c104782c548069d394f2) Importer(815301076,1909f56bfc062723c751e8b465ee728b)
Start importing Assets/myShader/sum.shadergraph using Guid(c56b2fa99e05c104782c548069d394f2) Importer(815301076,1909f56bfc062723c751e8b465ee728b)  -> (artifact id: '579c96a921db136f408a988239c7c91e') in 0.018435 seconds 
  Import took 0.042379 seconds .

========================================================================
Received Import Request.
  Time since last request: 32.935152 seconds.
  path: Assets/myShader/From.mat
  artifactKey: Guid(86e9bb4ca65cb8b40a5306cdcf83e745) Importer(815301076,1909f56bfc062723c751e8b465ee728b)
Start importing Assets/myShader/From.mat using Guid(86e9bb4ca65cb8b40a5306cdcf83e745) Importer(815301076,1909f56bfc062723c751e8b465ee728b)  -> (artifact id: '44a4c52dd0686d2b85c68d005836012a') in 0.177880 seconds 
  Import took 0.196568 seconds .

========================================================================
Received Import Request.
  Time since last request: 0.000234 seconds.
  path: Assets/myShader/sum.mat
  artifactKey: Guid(cab7b7195e21eb74d83bb1ecf5d36f7d) Importer(815301076,1909f56bfc062723c751e8b465ee728b)
Start importing Assets/myShader/sum.mat using Guid(cab7b7195e21eb74d83bb1ecf5d36f7d) Importer(815301076,1909f56bfc062723c751e8b465ee728b)  -> (artifact id: '2dfe9cc9f7c0f39ad4fb31eed7253262') in 0.019943 seconds 
  Import took 0.029315 seconds .

========================================================================
Received Import Request.
  Time since last request: 30.240631 seconds.
  path: Assets/myShader/New Material.mat
  artifactKey: Guid(9e835f53b43f6df47a516af723308abf) Importer(815301076,1909f56bfc062723c751e8b465ee728b)
Start importing Assets/myShader/New Material.mat using Guid(9e835f53b43f6df47a516af723308abf) Importer(815301076,1909f56bfc062723c751e8b465ee728b)  -> (artifact id: '5ca1fa0ae64dcfc61ededa06b7d033a4') in 0.013999 seconds 
  Import took 0.035306 seconds .

========================================================================
Received Import Request.
  Time since last request: 176.452479 seconds.
  path: Assets/myShader/from.mat
  artifactKey: Guid(86e9bb4ca65cb8b40a5306cdcf83e745) Importer(815301076,1909f56bfc062723c751e8b465ee728b)
Start importing Assets/myShader/from.mat using Guid(86e9bb4ca65cb8b40a5306cdcf83e745) Importer(815301076,1909f56bfc062723c751e8b465ee728b)  -> (artifact id: '40e4b05500735ed9ecb76e5515b738bb') in 0.021944 seconds 
  Import took 0.027378 seconds .

========================================================================
Received Import Request.
  Time since last request: 6.784899 seconds.
  path: Assets/myShader/From.shadergraph
  artifactKey: Guid(7c8dc21e372d8b947b1f987c6126bd7a) Importer(815301076,1909f56bfc062723c751e8b465ee728b)
Start importing Assets/myShader/From.shadergraph using Guid(7c8dc21e372d8b947b1f987c6126bd7a) Importer(815301076,1909f56bfc062723c751e8b465ee728b)  -> (artifact id: 'e30eec2db674259bd4c945e2ba1cc55e') in 0.004690 seconds 
  Import took 0.018902 seconds .

========================================================================
Received Import Request.
  Time since last request: 275.374322 seconds.
  path: Assets/myShader/from.mat
  artifactKey: Guid(86e9bb4ca65cb8b40a5306cdcf83e745) Importer(815301076,1909f56bfc062723c751e8b465ee728b)
Start importing Assets/myShader/from.mat using Guid(86e9bb4ca65cb8b40a5306cdcf83e745) Importer(815301076,1909f56bfc062723c751e8b465ee728b)  -> (artifact id: '0dd23d61489578665c1394cab9a82ef9') in 0.021380 seconds 
  Import took 0.026900 seconds .

========================================================================
Received Import Request.
  Time since last request: 0.000270 seconds.
  path: Assets/myShader/New Material.mat
  artifactKey: Guid(9e835f53b43f6df47a516af723308abf) Importer(815301076,1909f56bfc062723c751e8b465ee728b)
Start importing Assets/myShader/New Material.mat using Guid(9e835f53b43f6df47a516af723308abf) Importer(815301076,1909f56bfc062723c751e8b465ee728b)  -> (artifact id: '520dadc209e9f1318c426c3d372a52ac') in 0.014275 seconds 
  Import took 0.019300 seconds .

========================================================================
Received Import Request.
  Time since last request: 336.914556 seconds.
  path: Assets/myShader/From.shadersubgraph
  artifactKey: Guid(6a5465d43c13884438ac307e614096c4) Importer(815301076,1909f56bfc062723c751e8b465ee728b)
Start importing Assets/myShader/From.shadersubgraph using Guid(6a5465d43c13884438ac307e614096c4) Importer(815301076,1909f56bfc062723c751e8b465ee728b)  -> (artifact id: '52fa103f57926cd03bfb736d3b90a2ce') in 0.006601 seconds 
  Import took 0.012109 seconds .

========================================================================
Received Import Request.
  Time since last request: 26.399547 seconds.
  path: Assets/myShader/from2.mat
  artifactKey: Guid(24a88b2ee0c84d8478b5e9fe94c9a963) Importer(815301076,1909f56bfc062723c751e8b465ee728b)
Start importing Assets/myShader/from2.mat using Guid(24a88b2ee0c84d8478b5e9fe94c9a963) Importer(815301076,1909f56bfc062723c751e8b465ee728b)  -> (artifact id: '3d56d31d492efc07cd1952db75c443d9') in 0.021666 seconds 
  Import took 0.035182 seconds .

========================================================================
Received Import Request.
  Time since last request: 0.000355 seconds.
  path: Assets/myShader/sum.mat
  artifactKey: Guid(cab7b7195e21eb74d83bb1ecf5d36f7d) Importer(815301076,1909f56bfc062723c751e8b465ee728b)
Start importing Assets/myShader/sum.mat using Guid(cab7b7195e21eb74d83bb1ecf5d36f7d) Importer(815301076,1909f56bfc062723c751e8b465ee728b)  -> (artifact id: 'd57dc74a87f7d0474892b45add5235f3') in 0.011644 seconds 
  Import took 0.017609 seconds .

========================================================================
Received Import Request.
  Time since last request: 138.110633 seconds.
  path: Assets/myShader/from2.shadersubgraph
  artifactKey: Guid(6af969a3e144ba24ea5966e5f015e68b) Importer(815301076,1909f56bfc062723c751e8b465ee728b)
Start importing Assets/myShader/from2.shadersubgraph using Guid(6af969a3e144ba24ea5966e5f015e68b) Importer(815301076,1909f56bfc062723c751e8b465ee728b)  -> (artifact id: 'd171b0edc817921e4b142be960f35649') in 0.007404 seconds 
  Import took 0.034388 seconds .

========================================================================
Received Import Request.
  Time since last request: 15.697662 seconds.
  path: Assets/myShader/From.shadergraph
  artifactKey: Guid(7c8dc21e372d8b947b1f987c6126bd7a) Importer(815301076,1909f56bfc062723c751e8b465ee728b)
Start importing Assets/myShader/From.shadergraph using Guid(7c8dc21e372d8b947b1f987c6126bd7a) Importer(815301076,1909f56bfc062723c751e8b465ee728b)  -> (artifact id: '1d6e4b5c5eced7aecd927361e7699446') in 0.004675 seconds 
  Import took 0.010201 seconds .

========================================================================
Received Import Request.
  Time since last request: 304.623446 seconds.
  path: Assets/myShader/from2.mat
  artifactKey: Guid(24a88b2ee0c84d8478b5e9fe94c9a963) Importer(815301076,1909f56bfc062723c751e8b465ee728b)
Start importing Assets/myShader/from2.mat using Guid(24a88b2ee0c84d8478b5e9fe94c9a963) Importer(815301076,1909f56bfc062723c751e8b465ee728b)  -> (artifact id: '377a3482d6abd33da919fdd13d9e2d8a') in 0.021368 seconds 
  Import took 0.031665 seconds .

========================================================================
Received Import Request.
  Time since last request: 0.000278 seconds.
  path: Assets/myShader/New Material.mat
  artifactKey: Guid(9e835f53b43f6df47a516af723308abf) Importer(815301076,1909f56bfc062723c751e8b465ee728b)
Start importing Assets/myShader/New Material.mat using Guid(9e835f53b43f6df47a516af723308abf) Importer(815301076,1909f56bfc062723c751e8b465ee728b)  -> (artifact id: '6702645ad99ff41688d9db1d0ec525d8') in 0.016132 seconds 
  Import took 0.026755 seconds .

========================================================================
Received Import Request.
  Time since last request: 18.530361 seconds.
  path: Assets/myShader/From2.shadergraph
  artifactKey: Guid(863327ff053ecfb42ad6e42689f75913) Importer(815301076,1909f56bfc062723c751e8b465ee728b)
Start importing Assets/myShader/From2.shadergraph using Guid(863327ff053ecfb42ad6e42689f75913) Importer(815301076,1909f56bfc062723c751e8b465ee728b)  -> (artifact id: 'b899e906a2097c83d6c06b0c31c46ceb') in 0.011159 seconds 
  Import took 0.016462 seconds .

========================================================================
Received Import Request.
  Time since last request: 4.830319 seconds.
  path: Assets/myShader/sum.shadergraph
  artifactKey: Guid(c56b2fa99e05c104782c548069d394f2) Importer(815301076,1909f56bfc062723c751e8b465ee728b)
Start importing Assets/myShader/sum.shadergraph using Guid(c56b2fa99e05c104782c548069d394f2) Importer(815301076,1909f56bfc062723c751e8b465ee728b)  -> (artifact id: 'e162a05b26fa7036a8040be9c75e9f4d') in 0.004667 seconds 
  Import took 0.009770 seconds .

========================================================================
Received Import Request.
  Time since last request: 141.516488 seconds.
  path: Assets/myShader/From2.shadergraph
  artifactKey: Guid(863327ff053ecfb42ad6e42689f75913) Importer(815301076,1909f56bfc062723c751e8b465ee728b)
Start importing Assets/myShader/From2.shadergraph using Guid(863327ff053ecfb42ad6e42689f75913) Importer(815301076,1909f56bfc062723c751e8b465ee728b)  -> (artifact id: '687d39ef6600aa51431b7b89f36e252c') in 0.005704 seconds 
  Import took 0.011380 seconds .

========================================================================
Received Import Request.
  Time since last request: 25.027399 seconds.
  path: Assets/myShader/From2.shadersubgraph
  artifactKey: Guid(6af969a3e144ba24ea5966e5f015e68b) Importer(815301076,1909f56bfc062723c751e8b465ee728b)
Start importing Assets/myShader/From2.shadersubgraph using Guid(6af969a3e144ba24ea5966e5f015e68b) Importer(815301076,1909f56bfc062723c751e8b465ee728b)  -> (artifact id: '7f6f8ca2467e0dd0564c955aeecb470f') in 0.006850 seconds 
  Import took 0.015307 seconds .

========================================================================
Received Import Request.
  Time since last request: 28.212579 seconds.
  path: Assets/myShader/From2.shadersubgraph
  artifactKey: Guid(6af969a3e144ba24ea5966e5f015e68b) Importer(815301076,1909f56bfc062723c751e8b465ee728b)
Start importing Assets/myShader/From2.shadersubgraph using Guid(6af969a3e144ba24ea5966e5f015e68b) Importer(815301076,1909f56bfc062723c751e8b465ee728b)  -> (artifact id: '9f83a6300d10ba402ed7064440ca3f79') in 0.004936 seconds 
  Import took 0.026127 seconds .

========================================================================
Received Import Request.
  Time since last request: 164.596897 seconds.
  path: Assets/myShader/From2.shadersubgraph
  artifactKey: Guid(6af969a3e144ba24ea5966e5f015e68b) Importer(815301076,1909f56bfc062723c751e8b465ee728b)
Start importing Assets/myShader/From2.shadersubgraph using Guid(6af969a3e144ba24ea5966e5f015e68b) Importer(815301076,1909f56bfc062723c751e8b465ee728b)  -> (artifact id: 'ccaea6bcbb1ce74f90e480370fc5315b') in 0.004869 seconds 
  Import took 0.010303 seconds .

========================================================================
Received Import Request.
  Time since last request: 157.343158 seconds.
  path: Assets/myShader/From2.shadersubgraph
  artifactKey: Guid(6af969a3e144ba24ea5966e5f015e68b) Importer(815301076,1909f56bfc062723c751e8b465ee728b)
Start importing Assets/myShader/From2.shadersubgraph using Guid(6af969a3e144ba24ea5966e5f015e68b) Importer(815301076,1909f56bfc062723c751e8b465ee728b)  -> (artifact id: 'ad493310bf0c2377b809620ee4f0fe4d') in 0.004854 seconds 
  Import took 0.023296 seconds .

========================================================================
Received Import Request.
  Time since last request: 61.138462 seconds.
  path: Assets/myShader/From2.shadergraph
  artifactKey: Guid(863327ff053ecfb42ad6e42689f75913) Importer(815301076,1909f56bfc062723c751e8b465ee728b)
Start importing Assets/myShader/From2.shadergraph using Guid(863327ff053ecfb42ad6e42689f75913) Importer(815301076,1909f56bfc062723c751e8b465ee728b)  -> (artifact id: 'a6cfaafca44bd8493e1fdf7d3304b378') in 0.005583 seconds 
  Import took 0.010973 seconds .

========================================================================
Received Import Request.
  Time since last request: 64.009029 seconds.
  path: Assets/myShader/from.mat
  artifactKey: Guid(86e9bb4ca65cb8b40a5306cdcf83e745) Importer(815301076,1909f56bfc062723c751e8b465ee728b)
Start importing Assets/myShader/from.mat using Guid(86e9bb4ca65cb8b40a5306cdcf83e745) Importer(815301076,1909f56bfc062723c751e8b465ee728b)  -> (artifact id: '2c63879910b5482c98ffe41a82ae591b') in 0.012161 seconds 
  Import took 0.017402 seconds .

========================================================================
Received Import Request.
  Time since last request: 106.510857 seconds.
  path: Assets/myShader/From.shadergraph
  artifactKey: Guid(7c8dc21e372d8b947b1f987c6126bd7a) Importer(815301076,1909f56bfc062723c751e8b465ee728b)
Start importing Assets/myShader/From.shadergraph using Guid(7c8dc21e372d8b947b1f987c6126bd7a) Importer(815301076,1909f56bfc062723c751e8b465ee728b)  -> (artifact id: 'ba26885698526ff8ba0d87de8160554f') in 0.006586 seconds 
  Import took 0.012245 seconds .

========================================================================
Received Import Request.
  Time since last request: 34.366764 seconds.
  path: Assets/myShader/From.shadergraph
  artifactKey: Guid(7c8dc21e372d8b947b1f987c6126bd7a) Importer(815301076,1909f56bfc062723c751e8b465ee728b)
Start importing Assets/myShader/From.shadergraph using Guid(7c8dc21e372d8b947b1f987c6126bd7a) Importer(815301076,1909f56bfc062723c751e8b465ee728b)  -> (artifact id: '41e990bc4db6a524ff3bfc59f70ea1d5') in 0.004637 seconds 
  Import took 0.019990 seconds .

========================================================================
Received Import Request.
  Time since last request: 14.949165 seconds.
  path: Assets/myShader/sum.shadergraph
  artifactKey: Guid(c56b2fa99e05c104782c548069d394f2) Importer(815301076,1909f56bfc062723c751e8b465ee728b)
Start importing Assets/myShader/sum.shadergraph using Guid(c56b2fa99e05c104782c548069d394f2) Importer(815301076,1909f56bfc062723c751e8b465ee728b)  -> (artifact id: 'abfb685bcf2204667596514a917764e3') in 0.004536 seconds 
  Import took 0.018068 seconds .

========================================================================
Received Import Request.
  Time since last request: 753.631620 seconds.
  path: Assets/myShader/New Material.mat
  artifactKey: Guid(9e835f53b43f6df47a516af723308abf) Importer(815301076,1909f56bfc062723c751e8b465ee728b)
Start importing Assets/myShader/New Material.mat using Guid(9e835f53b43f6df47a516af723308abf) Importer(815301076,1909f56bfc062723c751e8b465ee728b)  -> (artifact id: 'c03e9316596f5989300d18687a5f713d') in 0.019255 seconds 
  Import took 0.024764 seconds .

========================================================================
Received Prepare
Registering precompiled user dll's ...
Registered in 0.010488 seconds.
Begin MonoManager ReloadAssembly
Native extension for WindowsStandalone target not found
Refreshing native plugins compatible for Editor in 0.72 ms, found 2 plugins.
Preloading 0 native plugins for Editor in 0.00 ms.
Mono: successfully reloaded assembly
- Completed reload, in  1.376 seconds
Domain Reload Profiling:
	ReloadAssembly (1376ms)
		BeginReloadAssembly (152ms)
			ExecutionOrderSort (0ms)
			DisableScriptedObjects (10ms)
			BackupInstance (0ms)
			ReleaseScriptingObjects (0ms)
			CreateAndSetChildDomain (44ms)
		EndReloadAssembly (1140ms)
			LoadAssemblies (115ms)
			RebuildTransferFunctionScriptingTraits (0ms)
			SetupTypeCache (391ms)
			ReleaseScriptCaches (2ms)
			RebuildScriptCaches (50ms)
			SetupLoadedEditorAssemblies (356ms)
				LogAssemblyErrors (0ms)
				InitializePlatformSupportModulesInManaged (4ms)
				SetLoadedEditorAssemblies (1ms)
				RefreshPlugins (1ms)
				BeforeProcessingInitializeOnLoad (82ms)
				ProcessInitializeOnLoadAttributes (245ms)
				ProcessInitializeOnLoadMethodAttributes (12ms)
				AfterProcessingInitializeOnLoad (10ms)
				EditorAssembliesLoaded (0ms)
			ExecutionOrderSort2 (0ms)
			AwakeInstancesAfterBackupRestoration (23ms)
Platform modules already initialized, skipping
Refreshing native plugins compatible for Editor in 0.72 ms, found 2 plugins.
Preloading 0 native plugins for Editor in 0.00 ms.
Unloading 2835 Unused Serialized files (Serialized files now loaded: 0)
System memory in use before: 137.1 MB.
System memory in use after: 137.4 MB.

Unloading 15 unused Assets to reduce memory usage. Loaded Objects now: 3743.
Total: 5.302000 ms (FindLiveObjects: 0.605100 ms CreateObjectMapping: 0.118600 ms MarkObjects: 4.548900 ms  DeleteObjects: 0.026700 ms)

AssetImportParameters requested are different than current active one (requested -> active):
  custom:framework-win-MediaFoundation: 216162199b28c13a410421893ffa2e32 -> 
  custom:video-decoder-ogg-theora: a1e56fd34408186e4bbccfd4996cb3dc -> 
  custom:container-muxer-webm: aa71ff27fc2769a1b78a27578f13a17b -> 
  custom:container-demuxer-webm: 4f35f7cbe854078d1ac9338744f61a02 -> 
  custom:container-demuxer-ogg: 62fdf1f143b41e24485cea50d1cbac27 -> 
  custom:video-encoder-webm-vp8: eb34c28f22e8b96e1ab97ce403110664 -> 
  custom:video-decoder-webm-vp8: 9c59270c3fd7afecdb556c50c9e8de78 -> 
  custom:audio-decoder-ogg-vorbis: bf7c407c2cedff20999df2af8eb42d56 -> 
  custom:audio-encoder-webm-vorbis: bf7c407c2cedff20999df2af8eb42d56 -> 
========================================================================
Received Import Request.
  Time since last request: 3122.234613 seconds.
  path: Assets/mymodel
  artifactKey: Guid(b762a334b74bb144e9096c8c55a97b47) Importer(815301076,1909f56bfc062723c751e8b465ee728b)
Start importing Assets/mymodel using Guid(b762a334b74bb144e9096c8c55a97b47) Importer(815301076,1909f56bfc062723c751e8b465ee728b)  -> (artifact id: '96d337fd08e56874aa53bce343013bd7') in 0.017117 seconds 
  Import took 0.022826 seconds .

========================================================================
Received Import Request.
  Time since last request: 6.870560 seconds.
  path: Assets/mymodel/prisoner_b_styperek@Swimming.fbx
  artifactKey: Guid(8fc21dc86ce8ebe41ba4918ac5594bca) Importer(815301076,1909f56bfc062723c751e8b465ee728b)
Start importing Assets/mymodel/prisoner_b_styperek@Swimming.fbx using Guid(8fc21dc86ce8ebe41ba4918ac5594bca) Importer(815301076,1909f56bfc062723c751e8b465ee728b)  -> (artifact id: '595141add081df9d66790efb2214d6ad') in 1.310902 seconds 
  Import took 1.316545 seconds .

========================================================================
Received Import Request.
  Time since last request: 25.777048 seconds.
  path: Assets/mymodel/Mat
  artifactKey: Guid(6067fd614d76e384c83ca3af8d49c9e8) Importer(815301076,1909f56bfc062723c751e8b465ee728b)
Start importing Assets/mymodel/Mat using Guid(6067fd614d76e384c83ca3af8d49c9e8) Importer(815301076,1909f56bfc062723c751e8b465ee728b)  -> (artifact id: '37ef2171cbb0fe3aef4fbbfe0954386f') in 0.007878 seconds 
  Import took 0.023841 seconds .

========================================================================
Received Import Request.
  Time since last request: 32.442155 seconds.
  path: Assets/mymodel/material
  artifactKey: Guid(6067fd614d76e384c83ca3af8d49c9e8) Importer(815301076,1909f56bfc062723c751e8b465ee728b)
Start importing Assets/mymodel/material using Guid(6067fd614d76e384c83ca3af8d49c9e8) Importer(815301076,1909f56bfc062723c751e8b465ee728b)  -> (artifact id: '425a5e8b0cfbc59b8e80e23645abf98c') in 0.008363 seconds 
  Import took 0.013421 seconds .

========================================================================
Received Import Request.
  Time since last request: 15.166930 seconds.
  path: Assets/mymodel/texture
  artifactKey: Guid(79d51f0ed190df341a2542f353e851c6) Importer(815301076,1909f56bfc062723c751e8b465ee728b)
Start importing Assets/mymodel/texture using Guid(79d51f0ed190df341a2542f353e851c6) Importer(815301076,1909f56bfc062723c751e8b465ee728b)  -> (artifact id: '514c481754328f26ef6bc9a41c091b78') in 0.008049 seconds 
  Import took 0.013122 seconds .

========================================================================
Received Import Request.
  Time since last request: 68.339505 seconds.
  path: Assets/mymodel/prisoner_b_styperek@Swimming.fbx
  artifactKey: Guid(8fc21dc86ce8ebe41ba4918ac5594bca) Importer(815301076,1909f56bfc062723c751e8b465ee728b)
Start importing Assets/mymodel/prisoner_b_styperek@Swimming.fbx using Guid(8fc21dc86ce8ebe41ba4918ac5594bca) Importer(815301076,1909f56bfc062723c751e8b465ee728b)  -> (artifact id: 'e21a4a526f57efbb1dc24d12a164fdc1') in 0.051774 seconds 
  Import took 0.069817 seconds .

========================================================================
Received Import Request.
  Time since last request: 104.626072 seconds.
  path: Assets/mymodel/prisomer.controller
  artifactKey: Guid(902663cfabdd36546a5cb3004812e010) Importer(815301076,1909f56bfc062723c751e8b465ee728b)
Start importing Assets/mymodel/prisomer.controller using Guid(902663cfabdd36546a5cb3004812e010) Importer(815301076,1909f56bfc062723c751e8b465ee728b)  -> (artifact id: '372a59140304a863f365a87924b1921c') in 0.012156 seconds 
  Import took 0.017812 seconds .

========================================================================
Received Prepare
Registering precompiled user dll's ...
Registered in 0.038978 seconds.
Begin MonoManager ReloadAssembly
Native extension for WindowsStandalone target not found
Refreshing native plugins compatible for Editor in 0.69 ms, found 2 plugins.
Preloading 0 native plugins for Editor in 0.00 ms.
Mono: successfully reloaded assembly
- Completed reload, in  1.341 seconds
Domain Reload Profiling:
	ReloadAssembly (1342ms)
		BeginReloadAssembly (144ms)
			ExecutionOrderSort (0ms)
			DisableScriptedObjects (8ms)
			BackupInstance (0ms)
			ReleaseScriptingObjects (0ms)
			CreateAndSetChildDomain (43ms)
		EndReloadAssembly (1116ms)
			LoadAssemblies (112ms)
			RebuildTransferFunctionScriptingTraits (0ms)
			SetupTypeCache (379ms)
			ReleaseScriptCaches (2ms)
			RebuildScriptCaches (57ms)
			SetupLoadedEditorAssemblies (346ms)
				LogAssemblyErrors (0ms)
				InitializePlatformSupportModulesInManaged (4ms)
				SetLoadedEditorAssemblies (1ms)
				RefreshPlugins (1ms)
				BeforeProcessingInitializeOnLoad (80ms)
				ProcessInitializeOnLoadAttributes (238ms)
				ProcessInitializeOnLoadMethodAttributes (11ms)
				AfterProcessingInitializeOnLoad (10ms)
				EditorAssembliesLoaded (0ms)
			ExecutionOrderSort2 (0ms)
			AwakeInstancesAfterBackupRestoration (24ms)
Platform modules already initialized, skipping
Refreshing native plugins compatible for Editor in 0.71 ms, found 2 plugins.
Preloading 0 native plugins for Editor in 0.00 ms.
Unloading 2835 Unused Serialized files (Serialized files now loaded: 0)
System memory in use before: 151.0 MB.
System memory in use after: 151.3 MB.

Unloading 15 unused Assets to reduce memory usage. Loaded Objects now: 3785.
Total: 4.411300 ms (FindLiveObjects: 0.420400 ms CreateObjectMapping: 0.088900 ms MarkObjects: 3.877800 ms  DeleteObjects: 0.022500 ms)

AssetImportParameters requested are different than current active one (requested -> active):
  custom:framework-win-MediaFoundation: 216162199b28c13a410421893ffa2e32 -> 
  custom:video-decoder-ogg-theora: a1e56fd34408186e4bbccfd4996cb3dc -> 
  custom:container-muxer-webm: aa71ff27fc2769a1b78a27578f13a17b -> 
  custom:container-demuxer-webm: 4f35f7cbe854078d1ac9338744f61a02 -> 
  custom:container-demuxer-ogg: 62fdf1f143b41e24485cea50d1cbac27 -> 
  custom:video-encoder-webm-vp8: eb34c28f22e8b96e1ab97ce403110664 -> 
  custom:video-decoder-webm-vp8: 9c59270c3fd7afecdb556c50c9e8de78 -> 
  custom:audio-decoder-ogg-vorbis: bf7c407c2cedff20999df2af8eb42d56 -> 
  custom:audio-encoder-webm-vorbis: bf7c407c2cedff20999df2af8eb42d56 -> 
========================================================================
Received Import Request.
  Time since last request: 275.652448 seconds.
  path: Assets/mymodel/texture/prisoner_diffuse.png
  artifactKey: Guid(42aac724a6d1ee6478fecd8dd5f4b2be) Importer(815301076,1909f56bfc062723c751e8b465ee728b)
Start importing Assets/mymodel/texture/prisoner_diffuse.png using Guid(42aac724a6d1ee6478fecd8dd5f4b2be) Importer(815301076,1909f56bfc062723c751e8b465ee728b)  -> (artifact id: '7451a575867927764dca7a69b7b726b5') in 0.072538 seconds 
  Import took 0.089760 seconds .

========================================================================
Received Import Request.
  Time since last request: 0.000291 seconds.
  path: Assets/mymodel/texture/prisoner_specular.png
  artifactKey: Guid(584f0283b8daaa34ca36050024f95d8f) Importer(815301076,1909f56bfc062723c751e8b465ee728b)
Start importing Assets/mymodel/texture/prisoner_specular.png using Guid(584f0283b8daaa34ca36050024f95d8f) Importer(815301076,1909f56bfc062723c751e8b465ee728b)  -> (artifact id: '254a24deed1b89e3625204a7f6fe5ae1') in 0.016591 seconds 
  Import took 0.025605 seconds .

========================================================================
Received Import Request.
  Time since last request: 0.000206 seconds.
  path: Assets/mymodel/texture/prisoner_normal.png
  artifactKey: Guid(52ab4a409130158419e25223826f02b6) Importer(815301076,1909f56bfc062723c751e8b465ee728b)
Start importing Assets/mymodel/texture/prisoner_normal.png using Guid(52ab4a409130158419e25223826f02b6) Importer(815301076,1909f56bfc062723c751e8b465ee728b)  -> (artifact id: '0e4589237de033a544f3bc44128272c4') in 0.031233 seconds 
  Import took 0.035945 seconds .

========================================================================
Received Import Request.
  Time since last request: 20.632741 seconds.
  path: Assets/mymodel/prisomer.controller
  artifactKey: Guid(902663cfabdd36546a5cb3004812e010) Importer(815301076,1909f56bfc062723c751e8b465ee728b)
Start importing Assets/mymodel/prisomer.controller using Guid(902663cfabdd36546a5cb3004812e010) Importer(815301076,1909f56bfc062723c751e8b465ee728b)  -> (artifact id: '9d4f813d3b1983206324070a16549a42') in 0.008476 seconds 
  Import took 0.071501 seconds .

========================================================================
Received Prepare
Registering precompiled user dll's ...
Registered in 0.006953 seconds.
Begin MonoManager ReloadAssembly
Native extension for WindowsStandalone target not found
Refreshing native plugins compatible for Editor in 0.68 ms, found 2 plugins.
Preloading 0 native plugins for Editor in 0.00 ms.
Mono: successfully reloaded assembly
- Completed reload, in  1.274 seconds
Domain Reload Profiling:
	ReloadAssembly (1275ms)
		BeginReloadAssembly (130ms)
			ExecutionOrderSort (0ms)
			DisableScriptedObjects (8ms)
			BackupInstance (0ms)
			ReleaseScriptingObjects (0ms)
			CreateAndSetChildDomain (39ms)
		EndReloadAssembly (1057ms)
			LoadAssemblies (113ms)
			RebuildTransferFunctionScriptingTraits (0ms)
			SetupTypeCache (365ms)
			ReleaseScriptCaches (2ms)
			RebuildScriptCaches (49ms)
			SetupLoadedEditorAssemblies (351ms)
				LogAssemblyErrors (0ms)
				InitializePlatformSupportModulesInManaged (4ms)
				SetLoadedEditorAssemblies (1ms)
				RefreshPlugins (1ms)
				BeforeProcessingInitializeOnLoad (81ms)
				ProcessInitializeOnLoadAttributes (243ms)
				ProcessInitializeOnLoadMethodAttributes (11ms)
				AfterProcessingInitializeOnLoad (10ms)
				EditorAssembliesLoaded (0ms)
			ExecutionOrderSort2 (0ms)
			AwakeInstancesAfterBackupRestoration (23ms)
Platform modules already initialized, skipping
Refreshing native plugins compatible for Editor in 0.76 ms, found 2 plugins.
Preloading 0 native plugins for Editor in 0.00 ms.
Unloading 2835 Unused Serialized files (Serialized files now loaded: 0)
System memory in use before: 151.1 MB.
System memory in use after: 151.3 MB.

Unloading 15 unused Assets to reduce memory usage. Loaded Objects now: 3790.
Total: 4.812300 ms (FindLiveObjects: 0.403100 ms CreateObjectMapping: 0.096000 ms MarkObjects: 4.286500 ms  DeleteObjects: 0.024900 ms)

AssetImportParameters requested are different than current active one (requested -> active):
  custom:framework-win-MediaFoundation: 216162199b28c13a410421893ffa2e32 -> 
  custom:video-decoder-ogg-theora: a1e56fd34408186e4bbccfd4996cb3dc -> 
  custom:container-muxer-webm: aa71ff27fc2769a1b78a27578f13a17b -> 
  custom:container-demuxer-webm: 4f35f7cbe854078d1ac9338744f61a02 -> 
  custom:container-demuxer-ogg: 62fdf1f143b41e24485cea50d1cbac27 -> 
  custom:video-encoder-webm-vp8: eb34c28f22e8b96e1ab97ce403110664 -> 
  custom:video-decoder-webm-vp8: 9c59270c3fd7afecdb556c50c9e8de78 -> 
  custom:audio-decoder-ogg-vorbis: bf7c407c2cedff20999df2af8eb42d56 -> 
  custom:audio-encoder-webm-vorbis: bf7c407c2cedff20999df2af8eb42d56 -> 
========================================================================
Received Prepare
Registering precompiled user dll's ...
Registered in 0.007163 seconds.
Begin MonoManager ReloadAssembly
Native extension for WindowsStandalone target not found
Refreshing native plugins compatible for Editor in 0.77 ms, found 2 plugins.
Preloading 0 native plugins for Editor in 0.00 ms.
Mono: successfully reloaded assembly
- Completed reload, in  1.445 seconds
Domain Reload Profiling:
	ReloadAssembly (1446ms)
		BeginReloadAssembly (165ms)
			ExecutionOrderSort (0ms)
			DisableScriptedObjects (7ms)
			BackupInstance (0ms)
			ReleaseScriptingObjects (0ms)
			CreateAndSetChildDomain (55ms)
		EndReloadAssembly (1176ms)
			LoadAssemblies (125ms)
			RebuildTransferFunctionScriptingTraits (0ms)
			SetupTypeCache (417ms)
			ReleaseScriptCaches (2ms)
			RebuildScriptCaches (55ms)
			SetupLoadedEditorAssemblies (388ms)
				LogAssemblyErrors (0ms)
				InitializePlatformSupportModulesInManaged (5ms)
				SetLoadedEditorAssemblies (1ms)
				RefreshPlugins (1ms)
				BeforeProcessingInitializeOnLoad (94ms)
				ProcessInitializeOnLoadAttributes (264ms)
				ProcessInitializeOnLoadMethodAttributes (12ms)
				AfterProcessingInitializeOnLoad (11ms)
				EditorAssembliesLoaded (0ms)
			ExecutionOrderSort2 (0ms)
			AwakeInstancesAfterBackupRestoration (27ms)
Platform modules already initialized, skipping
Refreshing native plugins compatible for Editor in 0.73 ms, found 2 plugins.
Preloading 0 native plugins for Editor in 0.00 ms.
Unloading 2835 Unused Serialized files (Serialized files now loaded: 0)
System memory in use before: 151.1 MB.
System memory in use after: 151.3 MB.

Unloading 15 unused Assets to reduce memory usage. Loaded Objects now: 3792.
Total: 4.803700 ms (FindLiveObjects: 0.436000 ms CreateObjectMapping: 0.091100 ms MarkObjects: 4.250000 ms  DeleteObjects: 0.025000 ms)

AssetImportParameters requested are different than current active one (requested -> active):
  custom:framework-win-MediaFoundation: 216162199b28c13a410421893ffa2e32 -> 
  custom:video-decoder-ogg-theora: a1e56fd34408186e4bbccfd4996cb3dc -> 
  custom:container-muxer-webm: aa71ff27fc2769a1b78a27578f13a17b -> 
  custom:container-demuxer-webm: 4f35f7cbe854078d1ac9338744f61a02 -> 
  custom:container-demuxer-ogg: 62fdf1f143b41e24485cea50d1cbac27 -> 
  custom:video-encoder-webm-vp8: eb34c28f22e8b96e1ab97ce403110664 -> 
  custom:video-decoder-webm-vp8: 9c59270c3fd7afecdb556c50c9e8de78 -> 
  custom:audio-decoder-ogg-vorbis: bf7c407c2cedff20999df2af8eb42d56 -> 
  custom:audio-encoder-webm-vorbis: bf7c407c2cedff20999df2af8eb42d56 -> 
========================================================================
Received Prepare
Registering precompiled user dll's ...
Registered in 0.009088 seconds.
Begin MonoManager ReloadAssembly
Native extension for WindowsStandalone target not found
Refreshing native plugins compatible for Editor in 0.70 ms, found 2 plugins.
Preloading 0 native plugins for Editor in 0.00 ms.
Mono: successfully reloaded assembly
- Completed reload, in  1.267 seconds
Domain Reload Profiling:
	ReloadAssembly (1268ms)
		BeginReloadAssembly (142ms)
			ExecutionOrderSort (0ms)
			DisableScriptedObjects (6ms)
			BackupInstance (0ms)
			ReleaseScriptingObjects (0ms)
			CreateAndSetChildDomain (38ms)
		EndReloadAssembly (1042ms)
			LoadAssemblies (115ms)
			RebuildTransferFunctionScriptingTraits (0ms)
			SetupTypeCache (362ms)
			ReleaseScriptCaches (2ms)
			RebuildScriptCaches (49ms)
			SetupLoadedEditorAssemblies (343ms)
				LogAssemblyErrors (0ms)
				InitializePlatformSupportModulesInManaged (4ms)
				SetLoadedEditorAssemblies (1ms)
				RefreshPlugins (1ms)
				BeforeProcessingInitializeOnLoad (80ms)
				ProcessInitializeOnLoadAttributes (236ms)
				ProcessInitializeOnLoadMethodAttributes (11ms)
				AfterProcessingInitializeOnLoad (10ms)
				EditorAssembliesLoaded (0ms)
			ExecutionOrderSort2 (0ms)
			AwakeInstancesAfterBackupRestoration (23ms)
Platform modules already initialized, skipping
Refreshing native plugins compatible for Editor in 0.70 ms, found 2 plugins.
Preloading 0 native plugins for Editor in 0.00 ms.
Unloading 2835 Unused Serialized files (Serialized files now loaded: 0)
System memory in use before: 151.1 MB.
System memory in use after: 151.3 MB.

Unloading 15 unused Assets to reduce memory usage. Loaded Objects now: 3794.
Total: 4.330300 ms (FindLiveObjects: 0.390800 ms CreateObjectMapping: 0.084200 ms MarkObjects: 3.835000 ms  DeleteObjects: 0.018600 ms)

AssetImportParameters requested are different than current active one (requested -> active):
  custom:framework-win-MediaFoundation: 216162199b28c13a410421893ffa2e32 -> 
  custom:video-decoder-ogg-theora: a1e56fd34408186e4bbccfd4996cb3dc -> 
  custom:container-muxer-webm: aa71ff27fc2769a1b78a27578f13a17b -> 
  custom:container-demuxer-webm: 4f35f7cbe854078d1ac9338744f61a02 -> 
  custom:container-demuxer-ogg: 62fdf1f143b41e24485cea50d1cbac27 -> 
  custom:video-encoder-webm-vp8: eb34c28f22e8b96e1ab97ce403110664 -> 
  custom:video-decoder-webm-vp8: 9c59270c3fd7afecdb556c50c9e8de78 -> 
  custom:audio-decoder-ogg-vorbis: bf7c407c2cedff20999df2af8eb42d56 -> 
  custom:audio-encoder-webm-vorbis: bf7c407c2cedff20999df2af8eb42d56 -> 
AssetImportWorkerClient::OnTransportError - code=2 error=End of file
